

-----------------------------------
New Analysis started.
Date and time: 23/06/2018 10:53:04
New results follow.
-----------------------------------

RSiena version 1.2-12 (12 mai 18)


@1
Estimation by stochastic approximation algorithm.
=================================================

Random initialization of random number stream.
Current random number seed is 433461.
Effects object used: myeff 
Model Type:
 
Behavioral Model Type:
 
Estimation method: unconditional moment estimation.

Time duration for simulations is 1.0.
Standard errors are estimated with the likelihood ratio method.
Dolby method (regression on scores) is used.
Initial value of gain parameter is  0.2000000.
Reduction factor for gain parameter is  0.5000000.
Number of subphases in Phase 2 is 1.

Initial parameter values are 
  1. rate:  basic rate parameter mynet                      4.6960
  2. eval:  outdegree (density)                            -1.4885
  3. eval:  reciprocity                                     0.0000
  4. eval:  transitive triplets                             0.0000
  5. eval:  3-cycles                                        0.0000  (fixed) 
  6. eval:  transitive ties                                 0.0000  (fixed) 
  7. rate:  rate mybeh period 1                             0.7057
  8. eval:  mybeh linear shape                              0.3225
  9. eval:  mybeh quadratic shape                           0.0000


Observed values of target statistics are
  1. Amount of network change                                           115.0000
  2. Number of ties                                                     116.0000
  3. Number of reciprocated ties                                         70.0000
  4. Number of transitive triplets                                       88.0000
  5. 3-cycles                                                            28.0000
  6. Number of ties with transitive closure                              66.0000
  7. Amount of behavioral change                                         27.0000
  8. mybeh centered sum                                                   5.5000
  9. mybeh sum of cent. squares                                          71.1050

 9 parameters, 9 statistics

Estimation of derivatives by the LR method (type 1).


@2
End of stochastic approximation algorithm, phase 3.
---------------------------------------------------

Total of 340 iterations.
Parameter estimates based on 290 iterations,
convergence diagnostics, covariance and derivative matrices based on 50 iterations.

Information for convergence diagnosis.
Averages, standard deviations, and t-ratios for deviations from targets:
  1.  -3.5200  11.1853  -0.3147                      
  2.   4.0400  13.3355   0.3030                      
  3.   4.2800  11.5565   0.3704                      
  4.  -1.6800  34.5321  -0.0487                      
  5.  -0.8400  11.4131  -0.0736     (fixed parameter)
  6.  -7.9400  16.3625  -0.4853     (fixed parameter)
  7.   0.8400   3.7870   0.2218                      
  8.   0.6000   5.4060   0.1110                      
  9.   3.9320  10.5372   0.3732                      

Good convergence is indicated by the t-ratios of non-fixed parameters being close to zero.

Overall maximum convergence ratio =  0.8745 .
(Since the diagnostic checks now are based only on 50 iterations,
they are not reliable.)



@2
Estimation Results.
-------------------

Regular end of estimation algorithm.
Total of 340 iteration steps.


@3
Estimates and standard errors
                             
Network Dynamics
 1. rate:  basic rate parameter mynet                              5.9523  (   1.0766)
 2. eval:  outdegree (density)                                    -2.5090  (   0.2358)
 3. eval:  reciprocity                                             2.1848  (   0.3605)
 4. eval:  transitive triplets                                     0.5569  (   0.1116)
 5. eval:  3-cycles                                                0.0000  (  fixed  )
 6. eval:  transitive ties                                         0.0000  (  fixed  )

Behavior Dynamics
 7. rate:  rate mybeh period 1                                     1.2374  (   0.4690)
 8. eval:  mybeh linear shape                                      0.3316  (   0.2210)
 9. eval:  mybeh quadratic shape                                  -0.0409  (   0.1351)


@3
Covariance matrices
                   
(Values of the covariance matrix of estimates
  are meaningless for the fixed parameters.)

Covariance matrix of estimates (correlations below diagonal):
     1.159     -0.071      0.178     -0.013         NA         NA      0.053      0.013      0.048
    -0.281      0.056     -0.071     -0.014         NA         NA     -0.005      0.003     -0.008
     0.459     -0.838      0.130      0.014         NA         NA      0.004      0.001      0.019
    -0.111     -0.528      0.336      0.012         NA         NA      0.010      0.000     -0.004
        NA         NA         NA         NA         NA         NA         NA         NA         NA
        NA         NA         NA         NA         NA         NA         NA         NA         NA
     0.105     -0.041      0.023      0.195         NA         NA      0.220     -0.036     -0.031
     0.054      0.057      0.018     -0.006         NA         NA     -0.351      0.049      0.007
     0.331     -0.252      0.385     -0.250         NA         NA     -0.494      0.229      0.018

Derivative matrix of expected statistics X by parameters and
covariance/correlation matrix of X can be found using
summary(ans) within R, or by using the 'verbose' option in Siena07.
 

@2
Generalised score test <c>
--------------------------

Testing the goodness-of-fit of the model restricted by
 (1)   eval:  3-cycles                                    =   0.0000
 (2)   eval:  transitive ties                             =   0.0000
_________________________________________________
                   
Joint test:
-----------
   c =   3.3257   d.f. = 2   p-value =   0.1896

(1) tested separately:
-----------------------
 - two-sided:
  c =   0.1349   d.f. = 1  p-value =   0.7134
 - one-sided (normal variate):   0.3672

(2) tested separately:
-----------------------
 - two-sided:
  c =   1.8770   d.f. = 1  p-value =   0.1707
 - one-sided (normal variate):   1.3700    
_________________________________________________

One-step estimates: 

rate:  basic rate parameter mynet                   5.9170
eval:  outdegree (density)                         -2.6601
eval:  reciprocity                                  1.9980
eval:  transitive triplets                         -0.0031
eval:  3-cycles                                     0.2000
eval:  transitive ties                              0.8489
rate:  rate mybeh period 1                          0.8943
eval:  mybeh linear shape                           0.4057
eval:  mybeh quadratic shape                       -0.0117

Total computation time 1.17 seconds.


-----------------------------------
New Analysis started.
Date and time: 23/06/2018 10:53:28
New results follow.
-----------------------------------

RSiena version 1.2-12 (12 mai 18)


@1
Estimation by stochastic approximation algorithm.
=================================================

Random initialization of random number stream.
Current random number seed is 357712.
Effects object used: myeff 
Model Type:
Network 1 mynet1 : 
Network 2 mynet2 : 
Behavioral Model Type:
 
Estimation method: unconditional moment estimation.

Time duration for simulations is 1.0.
Standard errors are estimated with the likelihood ratio method.
Dolby method (regression on scores) is used.
Initial value of gain parameter is  0.2000000.
Reduction factor for gain parameter is  0.5000000.
Number of subphases in Phase 2 is 1.

Initial parameter values are 
  1. rate:  basic rate parameter mynet1                     4.6960
  2. eval:  mynet1: outdegree (density)                    -1.4885
  3. eval:  mynet1: reciprocity                             0.0000
  4. eval:  mynet1: transitive triplets                     0.0000
  5. eval:  mynet1: 3-cycles                                0.0000  (fixed) 
  6. eval:  mynet1: transitive ties                         0.0000  (fixed) 
  7. rate:  basic rate parameter mynet2                     5.4304
  8. eval:  mynet2: outdegree (density)                    -1.5421
  9. eval:  mynet2: reciprocity                             0.0000
 10. rate:  rate mybeh period 1                             0.7057
 11. eval:  mybeh linear shape                              0.3225
 12. eval:  mybeh quadratic shape                           0.0000


Observed values of target statistics are
  1. Amount of network change                                           115.0000
  2. mynet1: Number of ties                                             116.0000
  3. mynet1: Number of reciprocated ties                                 70.0000
  4. mynet1: Number of transitive triplets                               88.0000
  5. mynet1: 3-cycles                                                    28.0000
  6. mynet1: Number of ties with transitive closure                      66.0000
  7. Amount of network change                                           133.0000
  8. mynet2: Number of ties                                             113.0000
  9. mynet2: Number of reciprocated ties                                 78.0000
 10. Amount of behavioral change                                         27.0000
 11. mybeh centered sum                                                   5.5000
 12. mybeh sum of cent. squares                                          71.1050

 12 parameters, 12 statistics

Estimation of derivatives by the LR method (type 1).


@2
End of stochastic approximation algorithm, phase 3.
---------------------------------------------------

Total of 234 iterations.
Parameter estimates based on 184 iterations,
convergence diagnostics, covariance and derivative matrices based on 50 iterations.

Information for convergence diagnosis.
Averages, standard deviations, and t-ratios for deviations from targets:
  1.  -4.3200   9.6202  -0.4491                      
  2.  -3.0000  14.2585  -0.2104                      
  3.  -0.3600  12.9784  -0.0277                      
  4. -14.2200  39.9149  -0.3563                      
  5.  -4.6600  12.7561  -0.3653     (fixed parameter)
  6. -16.7200  15.1213  -1.1057     (fixed parameter)
  7.   0.4000  11.7265   0.0341                      
  8.   1.7600  11.2985   0.1558                      
  9.   0.8400  10.4361   0.0805                      
 10.   0.7400   4.4392   0.1667                      
 11.   0.1000   5.5705   0.0180                      
 12.   3.1820   7.9021   0.4027                      

Good convergence is indicated by the t-ratios of non-fixed parameters being close to zero.

Overall maximum convergence ratio =  0.8206 .
(Since the diagnostic checks now are based only on 50 iterations,
they are not reliable.)



@2
Estimation Results.
-------------------

Regular end of estimation algorithm.
Total of 234 iteration steps.


@3
Estimates and standard errors
                             
Network Dynamics
 1. rate:  basic rate parameter mynet1                             5.9120  (   2.1273)
 2. eval:  mynet1: outdegree (density)                            -2.5159  (   0.2370)
 3. eval:  mynet1: reciprocity                                     2.1873  (   0.2826)
 4. eval:  mynet1: transitive triplets                             0.5485  (   0.2047)
 5. eval:  mynet1: 3-cycles                                        0.0000  (  fixed  )
 6. eval:  mynet1: transitive ties                                 0.0000  (  fixed  )
 7. rate:  basic rate parameter mynet2                             8.3717  (   1.9768)
 8. eval:  mynet2: outdegree (density)                            -2.4951  (   0.1895)
 9. eval:  mynet2: reciprocity                                     2.9102  (   0.3118)
Behavior Dynamics

10. rate:  rate mybeh period 1                                     1.2608  (   0.2853)
11. eval:  mybeh linear shape                                      0.3123  (   0.2205)
12. eval:  mybeh quadratic shape                                  -0.0501  (   0.1660)


@3
Covariance matrices
                   
(Values of the covariance matrix of estimates
  are meaningless for the fixed parameters.)

Covariance matrix of estimates (correlations below diagonal):
     4.525      0.123      0.147     -0.306         NA         NA     -2.711     -0.077     -0.066     -0.373     -0.092      0.051
     0.244      0.056     -0.029     -0.029         NA         NA     -0.189     -0.002      0.013     -0.021      0.013      0.012
     0.245     -0.428      0.080     -0.014         NA         NA      0.100     -0.020      0.017     -0.004     -0.004      0.001
    -0.702     -0.597     -0.239      0.042         NA         NA      0.170      0.012     -0.012      0.032     -0.008     -0.004
        NA         NA         NA         NA         NA         NA         NA         NA         NA         NA         NA         NA
        NA         NA         NA         NA         NA         NA         NA         NA         NA         NA         NA         NA
    -0.645     -0.403      0.179      0.420         NA         NA      3.908      0.050     -0.068      0.292     -0.007     -0.087
    -0.190     -0.053     -0.377      0.316         NA         NA      0.134      0.036     -0.048      0.019     -0.010     -0.013
    -0.099      0.178      0.189     -0.189         NA         NA     -0.110     -0.817      0.097     -0.020      0.030      0.022
    -0.614     -0.314     -0.055      0.551         NA         NA      0.517      0.347     -0.228      0.081     -0.012     -0.002
    -0.196      0.240     -0.067     -0.173         NA         NA     -0.015     -0.247      0.431     -0.185      0.049     -0.002
     0.144      0.317      0.011     -0.110         NA         NA     -0.264     -0.423      0.426     -0.041     -0.055      0.028

Derivative matrix of expected statistics X by parameters and
covariance/correlation matrix of X can be found using
summary(ans) within R, or by using the 'verbose' option in Siena07.
 

@2
Generalised score test <c>
--------------------------

Testing the goodness-of-fit of the model restricted by
 (1)   eval:  mynet1: 3-cycles                            =   0.0000
 (2)   eval:  mynet1: transitive ties                     =   0.0000
_________________________________________________
                   
Joint test:
-----------
   c =   2.5872   d.f. = 2   p-value =   0.2743

(1) tested separately:
-----------------------
 - two-sided:
  c =   0.0309   d.f. = 1  p-value =   0.8604
 - one-sided (normal variate):   0.1759

(2) tested separately:
-----------------------
 - two-sided:
  c =   2.5283   d.f. = 1  p-value =   0.1118
 - one-sided (normal variate):   1.5901    
_________________________________________________

One-step estimates: 

rate:  basic rate parameter mynet1                  7.9217
eval:  mynet1: outdegree (density)                 -3.7265
eval:  mynet1: reciprocity                          2.0382
eval:  mynet1: transitive triplets                 -1.3122
eval:  mynet1: 3-cycles                             2.3020
eval:  mynet1: transitive ties                      2.5840
rate:  basic rate parameter mynet2                  8.4719
eval:  mynet2: outdegree (density)                 -2.8064
eval:  mynet2: reciprocity                          3.2180
rate:  rate mybeh period 1                          1.1364
eval:  mybeh linear shape                          -0.0559
eval:  mybeh quadratic shape                        0.1071

Total computation time 1.53 seconds.


-----------------------------------
New Analysis started.
Date and time: 23/06/2018 10:54:36
New results follow.
-----------------------------------

RSiena version 1.2-12 (12 mai 18)


@1
Estimation by stochastic approximation algorithm.
=================================================

Current random number seed is 12345.
Effects object used: myeff 
Model Type:
Network 1 mynet1 : 
Network 2 mynet2 : 
Behavioral Model Type:
 
Estimation method: unconditional moment estimation.

Time duration for simulations is 1.0.
Standard errors are estimated with the likelihood ratio method.
Dolby method (regression on scores) is used.
Initial value of gain parameter is  0.3464102.
Reduction factor for gain parameter is  0.5000000.
Number of subphases in Phase 2 is 4.

Initial parameter values are 
  1. rate:  basic rate parameter mynet1                     4.6960
  2. eval:  mynet1: outdegree (density)                    -1.4885
  3. eval:  mynet1: reciprocity                             0.0000
  4. eval:  mynet1: transitive triplets                     0.0000
  5. eval:  mynet1: 3-cycles                                0.0000  (fixed) 
  6. eval:  mynet1: transitive ties                         0.0000  (fixed) 
  7. rate:  basic rate parameter mynet2                     5.4304
  8. eval:  mynet2: outdegree (density)                    -1.5421
  9. eval:  mynet2: reciprocity                             0.0000
 10. rate:  rate mybeh period 1                             0.7057
 11. eval:  mybeh linear shape                              0.3225
 12. eval:  mybeh quadratic shape                           0.0000


Observed values of target statistics are
  1. Amount of network change                                           115.0000
  2. mynet1: Number of ties                                             116.0000
  3. mynet1: Number of reciprocated ties                                 70.0000
  4. mynet1: Number of transitive triplets                               88.0000
  5. mynet1: 3-cycles                                                    28.0000
  6. mynet1: Number of ties with transitive closure                      66.0000
  7. Amount of network change                                           133.0000
  8. mynet2: Number of ties                                             113.0000
  9. mynet2: Number of reciprocated ties                                 78.0000
 10. Amount of behavioral change                                         27.0000
 11. mybeh centered sum                                                   5.5000
 12. mybeh sum of cent. squares                                          71.1050

 12 parameters, 12 statistics

Estimation of derivatives by the LR method (type 1).


@2
End of stochastic approximation algorithm, phase 3.
---------------------------------------------------

Total of 2085 iterations.
Parameter estimates based on 1083 iterations,
convergence diagnostics, covariance and derivative matrices based on 1002 iterations.

Information for convergence diagnosis.
Averages, standard deviations, and t-ratios for deviations from targets:
  1.  -0.7066   9.7193  -0.0727                      
  2.   0.3553  16.1288   0.0220                      
  3.   0.6727  14.6697   0.0459                      
  4.  -0.9341  44.5334  -0.0210                      
  5.  -0.5699  14.3910  -0.0396     (fixed parameter)
  6. -10.0220  18.5526  -0.5402     (fixed parameter)
  7.  -0.7206  10.7309  -0.0671                      
  8.  -0.4571  11.2795  -0.0405                      
  9.  -0.7086  10.3912  -0.0682                      
 10.   0.0639   4.5494   0.0140                      
 11.   0.0659   5.7817   0.0114                      
 12.  -0.1264   9.4383  -0.0134                      

Good convergence is indicated by the t-ratios of non-fixed parameters being close to zero.

Overall maximum convergence ratio =  0.1702 .



@2
Estimation Results.
-------------------

Regular end of estimation algorithm.
Total of 2085 iteration steps.


@3
Estimates and standard errors
                             
Network Dynamics
 1. rate:  basic rate parameter mynet1                             6.1813  (   1.0460)
 2. eval:  mynet1: outdegree (density)                            -2.4998  (   0.1583)
 3. eval:  mynet1: reciprocity                                     2.1120  (   0.2570)
 4. eval:  mynet1: transitive triplets                             0.5790  (   0.1136)
 5. eval:  mynet1: 3-cycles                                        0.0000  (  fixed  )
 6. eval:  mynet1: transitive ties                                 0.0000  (  fixed  )
 7. rate:  basic rate parameter mynet2                             8.0791  (   1.3124)
 8. eval:  mynet2: outdegree (density)                            -2.4934  (   0.1592)
 9. eval:  mynet2: reciprocity                                     2.8773  (   0.2846)
Behavior Dynamics

10. rate:  rate mybeh period 1                                     1.2266  (   0.3412)
11. eval:  mybeh linear shape                                      0.3267  (   0.2073)
12. eval:  mybeh quadratic shape                                  -0.0473  (   0.1150)


@3
Covariance matrices
                   
(Values of the covariance matrix of estimates
  are meaningless for the fixed parameters.)

Covariance matrix of estimates (correlations below diagonal):
     1.094      0.030     -0.016     -0.010         NA         NA     -0.052      0.026     -0.055     -0.026      0.014     -0.004
     0.184      0.025     -0.023     -0.008         NA         NA      0.010      0.004     -0.007      0.000     -0.002     -0.001
    -0.060     -0.560      0.066     -0.005         NA         NA      0.019     -0.005      0.008      0.002     -0.001      0.000
    -0.081     -0.469     -0.166      0.013         NA         NA     -0.010     -0.004      0.007     -0.004      0.003      0.001
        NA         NA         NA         NA         NA         NA         NA         NA         NA         NA         NA         NA
        NA         NA         NA         NA         NA         NA         NA         NA         NA         NA         NA         NA
    -0.038      0.047      0.057     -0.069         NA         NA      1.722      0.047     -0.036      0.051     -0.015     -0.006
     0.156      0.161     -0.112     -0.201         NA         NA      0.224      0.025     -0.038      0.001      0.001     -0.003
    -0.185     -0.165      0.109      0.208         NA         NA     -0.097     -0.846      0.081      0.000     -0.003      0.004
    -0.072      0.005      0.024     -0.108         NA         NA      0.114      0.027      0.000      0.116     -0.034      0.001
     0.064     -0.049     -0.022      0.117         NA         NA     -0.056      0.040     -0.052     -0.476      0.043     -0.002
    -0.035     -0.036     -0.002      0.078         NA         NA     -0.040     -0.152      0.115      0.025     -0.071      0.013

Derivative matrix of expected statistics X by parameters and
covariance/correlation matrix of X can be found using
summary(ans) within R, or by using the 'verbose' option in Siena07.
 

@2
Generalised score test <c>
--------------------------

Testing the goodness-of-fit of the model restricted by
 (1)   eval:  mynet1: 3-cycles                            =   0.0000
 (2)   eval:  mynet1: transitive ties                     =   0.0000
_________________________________________________
                   
Joint test:
-----------
   c =   2.9599   d.f. = 2   p-value =   0.2277

(1) tested separately:
-----------------------
 - two-sided:
  c =   0.0385   d.f. = 1  p-value =   0.8444
 - one-sided (normal variate):   0.1963

(2) tested separately:
-----------------------
 - two-sided:
  c =   2.6352   d.f. = 1  p-value =   0.1045
 - one-sided (normal variate):   1.6233    
_________________________________________________

One-step estimates: 

rate:  basic rate parameter mynet1                  6.7198
eval:  mynet1: outdegree (density)                 -2.5970
eval:  mynet1: reciprocity                          1.9849
eval:  mynet1: transitive triplets                  0.2593
eval:  mynet1: 3-cycles                             0.1125
eval:  mynet1: transitive ties                      0.6119
rate:  basic rate parameter mynet2                  8.1785
eval:  mynet2: outdegree (density)                 -2.4423
eval:  mynet2: reciprocity                          2.8290
rate:  rate mybeh period 1                          1.2521
eval:  mybeh linear shape                           0.3416
eval:  mybeh quadratic shape                       -0.0358

Total computation time 133.44 seconds.


-----------------------------------
New Analysis started.
Date and time: 23/06/2018 13:23:37
New results follow.
-----------------------------------

RSiena version 1.2-12 (12 mai 18)


@1
Estimation by stochastic approximation algorithm.
=================================================

Random initialization of random number stream.
Current random number seed is 290516.
Effects object used: myeff 
Model Type:
 
Behavioral Model Type:
 
Estimation method: unconditional moment estimation.

Time duration for simulations is 1.0.
Standard errors are estimated with the likelihood ratio method.
Dolby method (regression on scores) is used.
Initial value of gain parameter is  0.2000000.
Reduction factor for gain parameter is  0.5000000.
Number of subphases in Phase 2 is 1.

Initial parameter values are 
  1. rate:  basic rate parameter mynet                      4.6960
  2. eval:  outdegree (density)                            -1.4885
  3. eval:  reciprocity                                     0.0000
  4. eval:  transitive triplets                             0.0000
  5. eval:  3-cycles                                        0.0000  (fixed) 
  6. eval:  transitive ties                                 0.0000  (fixed) 
  7. rate:  rate mybeh period 1                             0.7057
  8. eval:  mybeh linear shape                              0.3225
  9. eval:  mybeh quadratic shape                           0.0000


Observed values of target statistics are
  1. Amount of network change                                           115.0000
  2. Number of ties                                                     116.0000
  3. Number of reciprocated ties                                         70.0000
  4. Number of transitive triplets                                       88.0000
  5. 3-cycles                                                            28.0000
  6. Number of ties with transitive closure                              66.0000
  7. Amount of behavioral change                                         27.0000
  8. mybeh centered sum                                                   5.5000
  9. mybeh sum of cent. squares                                          71.1050

 9 parameters, 9 statistics

Estimation of derivatives by the LR method (type 1).


@2
End of stochastic approximation algorithm, phase 3.
---------------------------------------------------

Total of 194 iterations.
Parameter estimates based on 144 iterations,
convergence diagnostics, covariance and derivative matrices based on 50 iterations.

Information for convergence diagnosis.
Averages, standard deviations, and t-ratios for deviations from targets:
  1.  -2.6600   7.9118  -0.3362                      
  2.   3.7000  16.8114   0.2201                      
  3.   4.3200  12.9637   0.3332                      
  4.  -7.9400  31.7673  -0.2499                      
  5.  -2.6600  10.4307  -0.2550     (fixed parameter)
  6.  -9.6800  16.8952  -0.5729     (fixed parameter)
  7.   0.0200   4.8170   0.0042                      
  8.  -0.4600   5.2962  -0.0869                      
  9.   0.1708   8.3849   0.0204                      

Good convergence is indicated by the t-ratios of non-fixed parameters being close to zero.

Overall maximum convergence ratio =  1.0661 .
(Since the diagnostic checks now are based only on 50 iterations,
they are not reliable.)



@2
Estimation Results.
-------------------

Regular end of estimation algorithm.
Total of 194 iteration steps.


@3
Estimates and standard errors
                             
Network Dynamics
 1. rate:  basic rate parameter mynet                              5.7892  (   0.9494)
 2. eval:  outdegree (density)                                    -2.4431  (   0.1367)
 3. eval:  reciprocity                                             2.1935  (   0.3962)
 4. eval:  transitive triplets                                     0.5159  (   0.1067)
 5. eval:  3-cycles                                                0.0000  (  fixed  )
 6. eval:  transitive ties                                         0.0000  (  fixed  )

Behavior Dynamics
 7. rate:  rate mybeh period 1                                     1.2321  (   0.3381)
 8. eval:  mybeh linear shape                                      0.3108  (   0.2507)
 9. eval:  mybeh quadratic shape                                  -0.0350  (   0.1587)


@3
Covariance matrices
                   
(Values of the covariance matrix of estimates
  are meaningless for the fixed parameters.)

Covariance matrix of estimates (correlations below diagonal):
     0.901     -0.023     -0.047      0.044         NA         NA     -0.041      0.154     -0.057
    -0.180      0.019     -0.039     -0.003         NA         NA     -0.008      0.003      0.002
    -0.126     -0.714      0.157     -0.010         NA         NA      0.025     -0.016     -0.006
     0.432     -0.237     -0.226      0.011         NA         NA     -0.010      0.007      0.000
        NA         NA         NA         NA         NA         NA         NA         NA         NA
        NA         NA         NA         NA         NA         NA         NA         NA         NA
    -0.127     -0.167      0.183     -0.282         NA         NA      0.114     -0.011     -0.021
     0.646      0.074     -0.159      0.266         NA         NA     -0.135      0.063     -0.017
    -0.377      0.100     -0.089      0.019         NA         NA     -0.400     -0.438      0.025

Derivative matrix of expected statistics X by parameters and
covariance/correlation matrix of X can be found using
summary(ans) within R, or by using the 'verbose' option in Siena07.
 

@2
Generalised score test <c>
--------------------------

Testing the goodness-of-fit of the model restricted by
 (1)   eval:  3-cycles                                    =   0.0000
 (2)   eval:  transitive ties                             =   0.0000
_________________________________________________
                   
Joint test:
-----------
   c =   4.9106   d.f. = 2   p-value =   0.0858

(1) tested separately:
-----------------------
 - two-sided:
  c =   0.0654   d.f. = 1  p-value =   0.7982
 - one-sided (normal variate):   0.2557

(2) tested separately:
-----------------------
 - two-sided:
  c =   4.8387   d.f. = 1  p-value =   0.0278
 - one-sided (normal variate):   2.1997    
_________________________________________________

One-step estimates: 

rate:  basic rate parameter mynet                   7.1626
eval:  outdegree (density)                         -2.6664
eval:  reciprocity                                  1.7677
eval:  transitive triplets                          0.1291
eval:  3-cycles                                     0.4131
eval:  transitive ties                              0.6876
rate:  rate mybeh period 1                          1.6296
eval:  mybeh linear shape                           0.4224
eval:  mybeh quadratic shape                       -0.1444

Total computation time 0.74 seconds.
