

-----------------------------------
New Analysis started.
Date and time: 01/11/2018 15:51:29
New results follow.
-----------------------------------

RSiena version 1.2-12 (12 mai 18)


@1
Estimation by stochastic approximation algorithm.
=================================================

Random initialization of random number stream.
Current random number seed is 593079.
Effects object used: myeff 
Model Type:
 
Estimation method: conditional moment estimation
Conditioning variable is the total number of observed changes ("distance") 
in the network variable.
Distance for simulations is   42 .
Standard errors are estimated with the likelihood ratio method.
Dolby method (regression on scores) is used.
Initial value of gain parameter is  0.2000000.
Reduction factor for gain parameter is  0.5000000.
Number of subphases in Phase 2 is 4.

Initial parameter values are 
  0. Rate parameter                           4.9368
  1. eval:  outdegree (density)                            -0.7114
  2. eval:  reciprocity                                     0.0000  (fixed) 
  3. eval:  status alter                                    0.0000


Observed values of target statistics are
  1. Number of ties                                                      57.0000
  2. Number of reciprocated ties                                         30.0000
  3. Sum indegrees x status                                             166.0000

 3 parameters, 3 statistics

Estimation of derivatives by the LR method (type 1).


@2
End of stochastic approximation algorithm, phase 3.
---------------------------------------------------

Total of 2094 iterations.
Parameter estimates based on 1094 iterations,
basic rate parameter as well as 
convergence diagnostics, covariance and derivative matrices based on 1000 iterations.

Information for convergence diagnosis.
Averages, standard deviations, and t-ratios for deviations from targets:
  1.   0.0620   5.4551   0.0114                      
  2. -14.4160   4.6243  -3.1174     (fixed parameter)
  3.   0.2620  16.8086   0.0156                      

Good convergence is indicated by the t-ratios of non-fixed parameters being close to zero.

Overall maximum convergence ratio =  0.0161 .



@2
Estimation Results.
-------------------

Regular end of estimation algorithm.
Total of 2094 iteration steps.


@3
Estimates and standard errors
                             
Rate parameters:
 0. Rate parameter                            3.3796  (   0.6357)

Other parameters:
 1. eval:  outdegree (density)                                    -1.2534  (   0.2984)
 2. eval:  reciprocity                                             0.0000  (  fixed  )
 3. eval:  status alter                                            0.2004  (   0.1000)


@3
Covariance matrices
                   
(Values of the covariance matrix of estimates
  are meaningless for the fixed parameters.)

Covariance matrix of estimates (correlations below diagonal):
     0.089         NA     -0.026
        NA         NA         NA
    -0.873         NA      0.010

Derivative matrix of expected statistics X by parameters and
covariance/correlation matrix of X can be found using
summary(ans) within R, or by using the 'verbose' option in Siena07.
 
Total computation time 2.73 seconds.
