Determining if the pthread_create exist failed with the following output:
Change Dir: /home/aghiles/Aghiles/Program/gateway/sdr/LoRa-SDR/build/CMakeFiles/CMakeTmp

Run Build Command(s):/usr/bin/make cmTC_28dc9/fast 
/usr/bin/make -f CMakeFiles/cmTC_28dc9.dir/build.make CMakeFiles/cmTC_28dc9.dir/build
make[1]: Entering directory '/home/aghiles/Aghiles/Program/gateway/sdr/LoRa-SDR/build/CMakeFiles/CMakeTmp'
Building C object CMakeFiles/cmTC_28dc9.dir/CheckSymbolExists.c.o
/usr/bin/cc    -o CMakeFiles/cmTC_28dc9.dir/CheckSymbolExists.c.o   -c /home/aghiles/Aghiles/Program/gateway/sdr/LoRa-SDR/build/CMakeFiles/CMakeTmp/CheckSymbolExists.c
Linking C executable cmTC_28dc9
/usr/local/bin/cmake -E cmake_link_script CMakeFiles/cmTC_28dc9.dir/link.txt --verbose=1
/usr/bin/cc      -rdynamic CMakeFiles/cmTC_28dc9.dir/CheckSymbolExists.c.o  -o cmTC_28dc9 
CMakeFiles/cmTC_28dc9.dir/CheckSymbolExists.c.o: In function `main':
CheckSymbolExists.c:(.text+0x1b): undefined reference to `pthread_create'
collect2: error: ld returned 1 exit status
CMakeFiles/cmTC_28dc9.dir/build.make:86: recipe for target 'cmTC_28dc9' failed
make[1]: *** [cmTC_28dc9] Error 1
make[1]: Leaving directory '/home/aghiles/Aghiles/Program/gateway/sdr/LoRa-SDR/build/CMakeFiles/CMakeTmp'
Makefile:121: recipe for target 'cmTC_28dc9/fast' failed
make: *** [cmTC_28dc9/fast] Error 2

File /home/aghiles/Aghiles/Program/gateway/sdr/LoRa-SDR/build/CMakeFiles/CMakeTmp/CheckSymbolExists.c:
/* */
#include <pthread.h>

int main(int argc, char** argv)
{
  (void)argv;
#ifndef pthread_create
  return ((int*)(&pthread_create))[argc];
#else
  (void)argc;
  return 0;
#endif
}

Determining if the function pthread_create exists in the pthreads failed with the following output:
Change Dir: /home/aghiles/Aghiles/Program/gateway/sdr/LoRa-SDR/build/CMakeFiles/CMakeTmp

Run Build Command(s):/usr/bin/make cmTC_1135c/fast 
/usr/bin/make -f CMakeFiles/cmTC_1135c.dir/build.make CMakeFiles/cmTC_1135c.dir/build
make[1]: Entering directory '/home/aghiles/Aghiles/Program/gateway/sdr/LoRa-SDR/build/CMakeFiles/CMakeTmp'
Building C object CMakeFiles/cmTC_1135c.dir/CheckFunctionExists.c.o
/usr/bin/cc   -DCHECK_FUNCTION_EXISTS=pthread_create   -o CMakeFiles/cmTC_1135c.dir/CheckFunctionExists.c.o   -c /usr/local/share/cmake-3.14/Modules/CheckFunctionExists.c
Linking C executable cmTC_1135c
/usr/local/bin/cmake -E cmake_link_script CMakeFiles/cmTC_1135c.dir/link.txt --verbose=1
/usr/bin/cc  -DCHECK_FUNCTION_EXISTS=pthread_create    -rdynamic CMakeFiles/cmTC_1135c.dir/CheckFunctionExists.c.o  -o cmTC_1135c -lpthreads 
/usr/bin/ld: cannot find -lpthreads
collect2: error: ld returned 1 exit status
CMakeFiles/cmTC_1135c.dir/build.make:86: recipe for target 'cmTC_1135c' failed
make[1]: *** [cmTC_1135c] Error 1
make[1]: Leaving directory '/home/aghiles/Aghiles/Program/gateway/sdr/LoRa-SDR/build/CMakeFiles/CMakeTmp'
Makefile:121: recipe for target 'cmTC_1135c/fast' failed
make: *** [cmTC_1135c/fast] Error 2


