2019-06-03T15:42:05.386510> Starting thread to perform fast statistics tasks
2019-06-03T15:42:06.380626> 
2019-06-03T15:42:06.381085> Current working directory: /home/pi/lora_gateway
2019-06-03T15:42:06.381432> SX1276 detected, starting.
2019-06-03T15:42:06.381754> SX1276 LF/HF calibration
2019-06-03T15:42:06.382068> ...
2019-06-03T15:42:06.382379> **********Power ON: state 0
2019-06-03T15:42:06.382692> LoRa CR 5: state 0
2019-06-03T15:42:06.383001> LoRa SF 12: state 0
2019-06-03T15:42:06.383338> LoRa BW 125: state 0
2019-06-03T15:42:06.383646> Configuring for LoRaWAN
2019-06-03T15:42:06.383953> Set frequency to 868.1MHz: state 0
2019-06-03T15:42:06.384267> Use PA_BOOST amplifier line
2019-06-03T15:42:06.384575> Set LoRa power dBm to 14
2019-06-03T15:42:06.384885> Power: state 0
2019-06-03T15:42:06.385189> Get Preamble Length: state 0
2019-06-03T15:42:06.385500> Preamble Length: 8
2019-06-03T15:42:06.385812> LoRa addr 1: state 0
2019-06-03T15:42:06.386122> Raw format, not assuming any header in reception
2019-06-03T15:42:06.386440> SX1272/76 configured as LR-BS. Waiting RF input for transparent RF-serial bridge
2019-06-03T15:42:06.386776> Default sync word: 0x12
2019-06-03T15:42:06.387232> Set sync word to 0x34
2019-06-03T15:42:06.387566> LoRa sync word: state 0
2019-06-03T15:42:06.387879> Low-level gw status ON
2019-06-03T15:52:04.937715> 2019-06-03 15:52:04.937093
2019-06-03T15:52:04.938274> post status: gw ON
2019-06-03T15:52:04.938610> post status: executing periodic tasks
2019-06-03T15:52:05.067554> post status: start running
2019-06-03T15:52:05.067897> post status: exiting
2019-06-03T15:52:22.052353> Low-level gw status ON
2019-06-03T16:02:05.099162> 2019-06-03 16:02:05.098538
2019-06-03T16:02:05.099713> post status: gw ON
2019-06-03T16:02:05.100040> post status: executing periodic tasks
2019-06-03T16:02:05.259815> post status: start running
2019-06-03T16:02:05.260162> post status: exiting
2019-06-03T16:02:37.726724> Low-level gw status ON
2019-06-03T16:12:05.369075> 2019-06-03 16:12:05.368433
2019-06-03T16:12:05.369597> post status: gw ON
2019-06-03T16:12:05.369928> post status: executing periodic tasks
2019-06-03T16:12:05.514176> post status: start running
2019-06-03T16:12:05.514545> post status: exiting
2019-06-03T16:12:53.405760> Low-level gw status ON
2019-06-03T16:22:05.614810> 2019-06-03 16:22:05.614171
2019-06-03T16:22:05.615342> post status: gw ON
2019-06-03T16:22:05.615677> post status: executing periodic tasks
2019-06-03T16:22:05.768321> post status: start running
2019-06-03T16:22:05.768681> post status: exiting
2019-06-03T16:23:09.085415> Low-level gw status ON
2019-06-03T16:32:05.874586> 2019-06-03 16:32:05.873947
2019-06-03T16:32:05.875146> post status: gw ON
2019-06-03T16:32:05.875490> post status: executing periodic tasks
2019-06-03T16:32:05.999591> post status: start running
2019-06-03T16:32:05.999945> post status: exiting
2019-06-03T16:33:24.767091> Low-level gw status ON
2019-06-03T16:42:06.113890> 2019-06-03 16:42:06.113256
2019-06-03T16:42:06.114427> post status: gw ON
2019-06-03T16:42:06.114762> post status: executing periodic tasks
2019-06-03T16:42:06.254011> post status: start running
2019-06-03T16:42:06.254360> post status: exiting
2019-06-03T16:43:40.440455> Low-level gw status ON
2019-06-03T16:52:06.366349> 2019-06-03 16:52:06.365710
2019-06-03T16:52:06.366951> post status: gw ON
2019-06-03T16:52:06.367309> post status: executing periodic tasks
2019-06-03T16:52:06.526053> post status: start running
2019-06-03T16:52:06.526444> post status: exiting
2019-06-03T16:53:56.115753> Low-level gw status ON
2019-06-03T17:02:06.636530> 2019-06-03 17:02:06.635710
2019-06-03T17:02:06.637204> post status: gw ON
2019-06-03T17:02:06.637584> post status: executing periodic tasks
2019-06-03T17:02:06.799243> post status: start running
2019-06-03T17:02:06.799596> post status: exiting
2019-06-03T17:03:57.284522> raw output from low-level gateway. post_processing_gw will handle packet format
2019-06-03T17:03:57.288524> post_processing_gw.py found an alert_conf section
2019-06-03T17:03:57.288942> Parsing cloud declarations
2019-06-03T17:03:57.289363> [u'python CloudThingSpeak.py']
2019-06-03T17:03:57.289692> Parsed all cloud declarations
2019-06-03T17:03:57.290032> post_processing_gw.py got cloud list: 
2019-06-03T17:03:57.290395> [u'python CloudThingSpeak.py']
2019-06-03T17:03:57.290990> Parsing cloud declarations
2019-06-03T17:03:57.291348> Parsed all cloud declarations
2019-06-03T17:03:57.291685> post_processing_gw.py got encrypted cloud list: 
2019-06-03T17:03:57.292032> []
2019-06-03T17:03:57.292395> Parsing cloud declarations
2019-06-03T17:03:57.292729> [u'python CloudTTN.py']
2019-06-03T17:03:57.293039> Parsed all cloud declarations
2019-06-03T17:03:57.293347> post_processing_gw.py got LoRaWAN encrypted cloud list: 
2019-06-03T17:03:57.293669> [u'python CloudTTN.py']
2019-06-03T17:03:57.294067> Starting thread to perform periodic gw status/tasks
2019-06-03T17:03:57.294437> 2019-06-03 17:03:57.262140
2019-06-03T17:03:57.294757> post status: gw ON
2019-06-03T17:03:57.295081> post status: executing periodic tasks
2019-06-03T17:03:57.476575> post status: start running
2019-06-03T17:03:57.477304> post status: exiting
2019-06-03T17:03:58.263852> Starting thread to perform fast statistics tasks
2019-06-03T17:03:59.266064> 
2019-06-03T17:03:59.266515> Current working directory: /home/pi/lora_gateway
2019-06-03T17:08:23.758558> Unrecognized transceiver.
2019-06-03T17:08:23.759175> ...
2019-06-03T17:08:23.759513> ...
2019-06-03T17:08:23.759834> ...
2019-06-03T17:08:23.760151> ...
2019-06-03T17:08:23.760466> ...
2019-06-03T17:08:23.760785> ...
2019-06-03T17:08:23.761102> ...
2019-06-03T17:08:23.761419> ...
2019-06-03T17:08:23.761739> ...
2019-06-03T17:08:23.762058> ...
2019-06-03T17:08:23.762386> ...
2019-06-03T17:08:23.762704> ...
2019-06-03T17:08:23.763027> ...
2019-06-03T17:08:23.763344> ...
2019-06-03T17:08:23.763661> ...
2019-06-03T17:08:23.764115> ...
2019-06-03T17:08:23.764439> ...
2019-06-03T17:08:23.764759> ...
2019-06-03T17:08:23.765075> ...
2019-06-03T17:08:23.765392> ...
2019-06-03T17:08:23.765713> ...
2019-06-03T17:08:23.766028> ...
2019-06-03T17:08:23.766342> ...
2019-06-03T17:08:23.766660> ...
2019-06-03T17:08:23.766975> ...
2019-06-03T17:08:23.767292> ...
2019-06-03T17:08:23.767608> ...
2019-06-03T17:08:23.767925> ...
2019-06-03T17:08:23.768244> ...
2019-06-03T17:08:23.768557> ...
2019-06-03T17:08:23.768873> ...
2019-06-03T17:08:23.769188> ...
2019-06-03T17:08:23.769503> ...
2019-06-03T17:08:23.769818> ...
2019-06-03T17:08:23.770132> ...
2019-06-03T17:08:23.770448> ...
2019-06-03T17:08:23.770765> ...
2019-06-03T17:08:23.771080> ...
2019-06-03T17:08:23.771393> ...
2019-06-03T17:08:23.771708> ...
2019-06-03T17:08:23.772023> ...
2019-06-03T17:08:23.772339> ...
2019-06-03T17:08:23.772656> ...
2019-06-03T17:08:23.772977> ...
2019-06-03T17:08:23.773295> ...
2019-06-03T17:08:23.773609> ...
2019-06-03T17:08:23.773958> ...
2019-06-03T17:08:23.774285> ...
2019-06-03T17:08:23.774599> ...
2019-06-03T17:08:23.774920> ...
2019-06-03T17:08:23.775236> ...
2019-06-03T17:08:23.775551> ...
2019-06-03T17:08:23.775868> ...
2019-06-03T17:08:23.776198> ...
2019-06-03T17:08:23.776516> ...
2019-06-03T17:08:23.776832> ...
2019-06-03T17:08:23.777149> ...
2019-06-03T17:08:23.777465> ...
2019-06-03T17:08:23.777784> ...
2019-06-03T17:08:23.778099> ...
2019-06-03T17:08:23.778416> ...
2019-06-03T17:08:23.778731> ...
2019-06-03T17:08:23.779050> ...
2019-06-03T17:08:23.779366> ...
2019-06-03T17:08:23.779681> ...
2019-06-03T17:08:23.779999> ...
2019-06-03T17:08:23.780319> ...
2019-06-03T17:08:23.780639> ...
2019-06-03T17:08:23.780955> ...
2019-06-03T17:08:23.781270> ...
2019-06-03T17:08:23.781586> ...
2019-06-03T17:08:23.781903> ...
2019-06-03T17:08:23.782219> ...
2019-06-03T17:08:23.782538> ...
2019-06-03T17:08:23.782857> ...
2019-06-03T17:08:23.783180> ...
2019-06-03T17:08:23.783502> ...
2019-06-03T17:08:23.783850> ...
2019-06-03T17:08:23.784180> ...
2019-06-03T17:08:23.784494> ...
2019-06-03T17:08:23.784813> ...
2019-06-03T17:08:23.785132> ...
2019-06-03T17:08:23.785449> ...
2019-06-03T17:08:23.785765> ...
2019-06-03T17:08:23.786082> ...
2019-06-03T17:08:23.786399> ...
2019-06-03T17:08:23.786766> ...
2019-06-03T17:08:23.787082> ...
2019-06-03T17:08:23.787399> ...
2019-06-03T17:08:23.787717> ...
2019-06-03T17:08:23.788030> ...
2019-06-03T17:08:23.788345> ...
2019-06-03T17:08:23.788673> ...
2019-06-03T17:08:23.788988> ...
2019-06-03T17:08:23.789301> ...
2019-06-03T17:08:23.789613> ...
2019-06-03T17:08:23.789925> ...
2019-06-03T17:08:23.790238> ...
2019-06-03T17:08:23.790551> ...
2019-06-03T17:08:23.790867> ...
2019-06-03T17:08:23.791183> ...
2019-06-03T17:08:23.791498> ...
2019-06-03T17:08:23.791810> ...
2019-06-03T17:08:23.792124> ...
2019-06-03T17:08:23.792437> ...
2019-06-03T17:08:23.792751> ...
2019-06-03T17:08:23.793065> ...
2019-06-03T17:08:23.793384> ...
2019-06-03T17:08:23.793697> ...
2019-06-03T17:08:23.794059> ...
2019-06-03T17:08:23.794374> ...
2019-06-03T17:08:23.794688> ...
2019-06-03T17:08:23.795000> ...
2019-06-03T17:08:23.795313> ...
2019-06-03T17:08:23.795625> ...
2019-06-03T17:08:23.795936> ...
2019-06-03T17:08:23.796246> ...
2019-06-03T17:08:23.796558> ...
2019-06-03T17:08:23.796876> ...
2019-06-03T17:08:23.797192> ...
2019-06-03T17:08:23.797503> ...
2019-06-03T17:08:23.797817> ...
2019-06-03T17:08:23.798132> ...
2019-06-03T17:08:23.798447> ...
2019-06-03T17:08:23.798758> ...
2019-06-03T17:08:23.799071> ...
2019-06-03T17:08:23.799384> ...
2019-06-03T17:08:23.799698> ...
2019-06-03T17:08:23.800009> ...
2019-06-03T17:08:23.800318> ...
2019-06-03T17:08:23.800632> ...
2019-06-03T17:08:23.800942> ...
2019-06-03T17:08:23.801251> ...
2019-06-03T17:08:23.801563> ...
2019-06-03T17:08:23.801873> ...
2019-06-03T17:08:23.802184> ...
2019-06-03T17:08:23.802497> ...
2019-06-03T17:08:23.802808> ...
2019-06-03T17:08:23.803119> ...
2019-06-03T17:08:23.803431> ...
2019-06-03T17:08:23.803775> ...
2019-06-03T17:08:23.804100> ...
2019-06-03T17:08:23.804415> ...
2019-06-03T17:08:23.804725> ...
2019-06-03T17:08:23.805040> ...
2019-06-03T17:08:23.805353> ...
2019-06-03T17:08:23.805664> ...
2019-06-03T17:08:23.805978> ...
2019-06-03T17:08:23.806290> ...
2019-06-03T17:08:23.806603> ...
2019-06-03T17:08:23.806913> ...
2019-06-03T17:08:23.807224> ...
2019-06-03T17:08:23.807535> ...
2019-06-03T17:08:23.807848> ...
2019-06-03T17:08:23.808160> ...
2019-06-03T17:08:23.808472> ...
2019-06-03T17:08:23.808786> ...
2019-06-03T17:08:23.809100> ...
2019-06-03T17:08:23.809410> ...
2019-06-03T17:08:23.809722> ...
2019-06-03T17:08:23.810034> ...
2019-06-03T17:08:23.810346> ...
2019-06-03T17:08:23.810656> ...
2019-06-03T17:08:23.810968> ...
2019-06-03T17:08:23.811280> ...
2019-06-03T17:08:23.811596> ...
2019-06-03T17:08:23.811908> ...
2019-06-03T17:08:23.812220> ...
2019-06-03T17:08:23.812531> ...
2019-06-03T17:08:23.812843> ...
2019-06-03T17:08:23.813155> ...
2019-06-03T17:08:23.813470> ...
2019-06-03T17:08:23.813823> ...
2019-06-03T17:08:23.814147> ...
2019-06-03T17:08:23.814462> ...
2019-06-03T17:08:23.814777> ...
2019-06-03T17:08:23.815089> ...
2019-06-03T17:08:23.815403> ...
2019-06-03T17:08:23.815716> ...
2019-06-03T17:08:23.816028> ...
2019-06-03T17:08:23.816343> ...
2019-06-03T17:08:23.816656> ...
2019-06-03T17:08:23.816971> ...
2019-06-03T17:08:23.817284> ...
2019-06-03T17:08:23.817598> ...
2019-06-03T17:08:23.817910> ...
2019-06-03T17:08:23.818223> ...
2019-06-03T17:08:23.818535> ...
2019-06-03T17:08:23.818847> ...
2019-06-03T17:08:23.819163> ...
2019-06-03T17:08:23.819479> ...
2019-06-03T17:08:23.819789> ...
2019-06-03T17:08:23.820103> ...
2019-06-03T17:08:23.820418> ...
2019-06-03T17:08:23.820731> ...
2019-06-03T17:08:23.821044> ...
2019-06-03T17:08:23.821358> ...
2019-06-03T17:08:23.821670> ...
2019-06-03T17:08:23.821983> ...
2019-06-03T17:08:23.822297> ...
2019-06-03T17:08:23.822612> ...
2019-06-03T17:08:23.822928> ...
2019-06-03T17:08:23.823241> ...
2019-06-03T17:08:23.823564> ...
2019-06-03T17:08:23.823969> ...
2019-06-03T17:08:23.824293> ...
2019-06-03T17:08:23.824609> ...
2019-06-03T17:08:23.824932> ...
2019-06-03T17:08:23.825265> ...
2019-06-03T17:08:23.825583> ...
2019-06-03T17:08:23.825899> ...
2019-06-03T17:08:23.826219> ...
2019-06-03T17:08:23.826539> ...
2019-06-03T17:08:23.826854> ...
2019-06-03T17:08:23.827216> ...
2019-06-03T17:08:23.827528> ...
2019-06-03T17:08:23.827840> ...
2019-06-03T17:08:23.828154> ...
2019-06-03T17:08:23.828474> ...
2019-06-03T17:08:23.828788> ...
2019-06-03T17:08:23.829099> ...
2019-06-03T17:08:23.829412> ...
2019-06-03T17:08:23.829725> ...
2019-06-03T17:08:23.830037> ...
2019-06-03T17:08:23.830348> ...
2019-06-03T17:08:23.830662> ...
2019-06-03T17:08:23.830974> ...
2019-06-03T17:08:23.831286> ...
2019-06-03T17:08:23.831597> ...
2019-06-03T17:08:23.831910> ...
2019-06-03T17:08:23.832221> ...
2019-06-03T17:08:23.832542> ...
2019-06-03T17:08:23.832860> ...
2019-06-03T17:08:23.833175> ...
2019-06-03T17:08:23.833488> ...
2019-06-03T17:08:23.833871> ...
2019-06-03T17:08:23.834202> ...
2019-06-03T17:08:23.834515> ...
2019-06-03T17:08:23.834829> ...
2019-06-03T17:08:23.835142> ...
2019-06-03T17:08:23.835452> ...
2019-06-03T17:08:23.835764> ...
2019-06-03T17:08:23.836079> ...
2019-06-03T17:08:23.836390> ...
2019-06-03T17:08:23.836700> ...
2019-06-03T17:08:23.837013> ...
2019-06-03T17:08:23.837325> ...
2019-06-03T17:08:23.837637> ...
2019-06-03T17:08:23.837951> ...
2019-06-03T17:08:23.838263> ...
2019-06-03T17:08:23.838575> ...
2019-06-03T17:08:23.838887> ...
2019-06-03T17:08:23.839199> ...
2019-06-03T17:08:23.839517> ...
2019-06-03T17:08:23.839829> ...
2019-06-03T17:08:23.840142> ...
2019-06-03T17:08:23.840460> ...
2019-06-03T17:08:23.840780> ...
2019-06-03T17:08:23.841094> ...
2019-06-03T17:08:23.841409> ...
2019-06-03T17:08:23.841721> ...
2019-06-03T17:08:23.842031> ...
2019-06-03T17:08:23.842343> ...
2019-06-03T17:08:23.842659> ...
2019-06-03T17:08:23.842972> ...
2019-06-03T17:08:23.843282> ...
2019-06-03T17:08:23.843595> ...
2019-06-03T17:08:23.844140> ...
2019-06-03T17:08:23.844466> ...
2019-06-03T17:08:23.844778> ...
2019-06-03T17:08:23.845087> ...
2019-06-03T17:08:23.845399> ...
2019-06-03T17:08:23.845716> ...
2019-06-03T17:08:23.846028> ...
2019-06-03T17:08:23.846339> ...
2019-06-03T17:08:23.846651> ...
2019-06-03T17:08:23.846965> ...
2019-06-03T17:08:23.847280> ...
2019-06-03T17:08:23.847592> ...
2019-06-03T17:08:23.847907> ...
2019-06-03T17:08:23.848219> ...
2019-06-03T17:08:23.848531> ...
2019-06-03T17:08:23.848843> ...
2019-06-03T17:08:23.849154> ...
2019-06-03T17:08:23.849466> ...
2019-06-03T17:08:23.849775> ...
2019-06-03T17:08:23.850086> ...
2019-06-03T17:08:23.850397> ...
2019-06-03T17:08:23.850707> ...
2019-06-03T17:08:23.851019> ...
2019-06-03T17:08:23.851330> ...
2019-06-03T17:08:23.851642> ...
2019-06-03T17:08:23.851952> ...
2019-06-03T17:08:23.852264> ...
2019-06-03T17:08:23.852575> ...
2019-06-03T17:08:23.852885> ...
2019-06-03T17:08:23.853196> ...
2019-06-03T17:08:23.853506> ...
2019-06-03T17:08:23.853859> ...
2019-06-03T17:08:23.854191> ...
2019-06-03T17:08:23.854504> ...
2019-06-03T17:08:23.854818> ...
2019-06-03T17:08:23.855129> ...
2019-06-03T17:08:23.855440> ...
2019-06-03T17:08:23.855750> ...
2019-06-03T17:08:23.856062> ...
2019-06-03T17:08:23.856374> ...
2019-06-03T17:08:23.856690> ...
2019-06-03T17:08:23.857007> ...
2019-06-03T17:08:23.857317> ...
2019-06-03T17:08:23.857630> ...
2019-06-03T17:08:23.857941> ...
2019-06-03T17:08:23.858252> ...
2019-06-03T17:08:23.858564> ...
2019-06-03T17:08:23.858874> ...
2019-06-03T17:08:23.859184> ...
2019-06-03T17:08:23.859494> ...
2019-06-03T17:08:23.859807> ...
2019-06-03T17:08:23.860119> ...
2019-06-03T17:08:23.860431> ...
2019-06-03T17:08:23.860742> ...
2019-06-03T17:08:23.861058> ...
2019-06-03T17:08:23.861371> ...
2019-06-03T17:08:23.861682> ...
2019-06-03T17:08:23.861995> ...
2019-06-03T17:08:23.862306> ...
2019-06-03T17:08:23.862621> ...
2019-06-03T17:08:23.862935> ...
2019-06-03T17:08:23.863245> ...
2019-06-03T17:08:23.863555> ...
2019-06-03T17:08:23.863975> ...
2019-06-03T17:08:23.864301> ...
2019-06-03T17:08:23.864613> ...
2019-06-03T17:08:23.864924> ...
2019-06-03T17:08:23.865239> ...
2019-06-03T17:08:23.865551> ...
2019-06-03T17:08:23.865862> ...
2019-06-03T17:08:23.866177> ...
2019-06-03T17:08:23.866489> ...
2019-06-03T17:08:23.866799> ...
2019-06-03T17:08:23.867112> ...
2019-06-03T17:08:23.867424> ...
2019-06-03T17:08:23.867782> ...
2019-06-03T17:08:23.868093> ...
2019-06-03T17:08:23.868404> ...
2019-06-03T17:08:23.868715> ...
2019-06-03T17:08:23.869026> ...
2019-06-03T17:08:23.869337> ...
2019-06-03T17:08:23.869648> ...
2019-06-03T17:08:23.869959> ...
2019-06-03T17:08:23.870269> ...
2019-06-03T17:08:23.870582> ...
2019-06-03T17:08:23.870896> ...
2019-06-03T17:08:23.871207> ...
2019-06-03T17:08:23.871519> ...
2019-06-03T17:08:23.871831> ...
2019-06-03T17:08:23.872142> ...
2019-06-03T17:08:23.872453> ...
2019-06-03T17:08:23.872763> ...
2019-06-03T17:08:23.873076> ...
2019-06-03T17:08:23.873388> ...
2019-06-03T17:08:23.873854> ...
2019-06-03T17:08:23.874190> ...
2019-06-03T17:08:23.874510> ...
2019-06-03T17:08:23.874821> ...
2019-06-03T17:08:23.875133> ...
2019-06-03T17:08:23.875444> ...
2019-06-03T17:08:23.875757> ...
2019-06-03T17:08:23.876072> ...
2019-06-03T17:08:23.876385> ...
2019-06-03T17:08:23.876696> ...
2019-06-03T17:08:23.877006> ...
2019-06-03T17:08:23.877314> ...
2019-06-03T17:08:23.877624> ...
2019-06-03T17:08:23.877938> ...
2019-06-03T17:08:23.878249> ...
2019-06-03T17:08:23.878560> ...
2019-06-03T17:08:23.878872> ...
2019-06-03T17:08:23.879182> ...
2019-06-03T17:08:23.879495> ...
2019-06-03T17:08:23.879809> ...
2019-06-03T17:08:23.880118> ...
2019-06-03T17:08:23.880430> ...
2019-06-03T17:08:23.880741> ...
2019-06-03T17:08:23.881051> ...
2019-06-03T17:08:23.881362> ...
2019-06-03T17:08:23.881674> ...
2019-06-03T17:08:23.881985> ...
2019-06-03T17:08:23.882298> ...
2019-06-03T17:08:23.882611> ...
2019-06-03T17:08:23.882922> ...
2019-06-03T17:08:23.883235> ...
2019-06-03T17:08:23.883546> ...
2019-06-03T17:08:23.884023> ...
2019-06-03T17:08:23.884360> ...
2019-06-03T17:08:23.884675> ...
2019-06-03T17:08:23.884994> ...
2019-06-03T17:08:23.885306> ...
2019-06-03T17:08:23.885620> ...
2019-06-03T17:08:23.885934> ...
2019-06-03T17:08:23.886248> ...
2019-06-03T17:08:23.886566> ...
2019-06-03T17:08:23.886878> ...
2019-06-03T17:08:23.887192> ...
2019-06-03T17:08:23.887504> ...
2019-06-03T17:08:23.887816> ...
2019-06-03T17:08:23.888131> ...
2019-06-03T17:08:23.888442> ...
2019-06-03T17:08:23.888757> ...
2019-06-03T17:08:23.889075> ...
2019-06-03T17:08:23.889390> ...
2019-06-03T17:08:23.889704> ...
2019-06-03T17:08:23.890016> ...
2019-06-03T17:08:23.890327> ...
2019-06-03T17:08:23.890637> ...
2019-06-03T17:08:23.890947> ...
2019-06-03T17:08:23.891259> ...
2019-06-03T17:08:23.891570> ...
2019-06-03T17:08:23.891883> ...
2019-06-03T17:08:23.892195> ...
2019-06-03T17:08:23.892505> ...
2019-06-03T17:08:23.892817> ...
2019-06-03T17:08:23.893130> ...
2019-06-03T17:08:23.893440> ...
2019-06-03T17:08:23.893787> ...
2019-06-03T17:08:23.894126> ...
2019-06-03T17:08:23.894445> ...
2019-06-03T17:08:23.894757> ...
2019-06-03T17:08:23.895070> ...
2019-06-03T17:08:23.895384> ...
2019-06-03T17:08:23.895695> ...
2019-06-03T17:08:23.896007> ...
2019-06-03T17:08:23.896320> ...
2019-06-03T17:08:23.896634> ...
2019-06-03T17:08:23.896946> ...
2019-06-03T17:08:23.897259> ...
2019-06-03T17:08:23.897572> ...
2019-06-03T17:08:23.897882> ...
2019-06-03T17:08:23.898196> ...
2019-06-03T17:08:23.898509> ...
2019-06-03T17:08:23.898820> ...
2019-06-03T17:08:23.899130> ...
2019-06-03T17:08:23.899442> ...
2019-06-03T17:08:23.899754> ...
2019-06-03T17:08:23.900065> ...
2019-06-03T17:08:23.900375> ...
2019-06-03T17:08:23.900689> ...
2019-06-03T17:08:23.901000> ...
2019-06-03T17:08:23.901312> ...
2019-06-03T17:08:23.901624> ...
2019-06-03T17:08:23.901935> ...
2019-06-03T17:08:23.902248> ...
2019-06-03T17:08:23.902559> ...
2019-06-03T17:08:23.902872> ...
2019-06-03T17:08:23.903183> ...
2019-06-03T17:08:23.903494> ...
2019-06-03T17:08:23.903950> ...
2019-06-03T17:08:23.904276> ...
2019-06-03T17:08:23.904588> ...
2019-06-03T17:08:23.904899> ...
2019-06-03T17:08:23.905212> ...
2019-06-03T17:08:23.905524> ...
2019-06-03T17:08:23.905839> ...
2019-06-03T17:08:23.906151> ...
2019-06-03T17:08:23.906464> ...
2019-06-03T17:08:23.906774> ...
2019-06-03T17:08:23.907086> ...
2019-06-03T17:08:23.907397> ...
2019-06-03T17:08:23.907707> ...
2019-06-03T17:08:23.908017> ...
2019-06-03T17:08:23.908376> ...
2019-06-03T17:08:23.908687> ...
2019-06-03T17:08:23.909001> ...
2019-06-03T17:08:23.909312> ...
2019-06-03T17:08:23.909624> ...
2019-06-03T17:08:23.909934> ...
2019-06-03T17:08:23.910246> ...
2019-06-03T17:08:23.910557> ...
2019-06-03T17:08:23.910868> ...
2019-06-03T17:08:23.911179> ...
2019-06-03T17:08:23.911494> ...
2019-06-03T17:08:23.911804> ...
2019-06-03T17:08:23.912114> ...
2019-06-03T17:08:23.912428> ...
2019-06-03T17:08:23.912740> ...
2019-06-03T17:08:23.913053> ...
2019-06-03T17:08:23.913367> ...
2019-06-03T17:08:23.913678> ...
2019-06-03T17:08:23.914045> ...
2019-06-03T17:08:23.914361> ...
2019-06-03T17:08:23.914675> ...
2019-06-03T17:08:23.914984> ...
2019-06-03T17:08:23.915295> ...
2019-06-03T17:08:23.915606> ...
2019-06-03T17:08:23.915923> ...
2019-06-03T17:08:23.916235> ...
2019-06-03T17:08:23.916546> ...
2019-06-03T17:08:23.916862> ...
2019-06-03T17:08:23.917176> ...
2019-06-03T17:08:23.917487> ...
2019-06-03T17:08:23.917800> ...
2019-06-03T17:08:23.918111> ...
2019-06-03T17:08:23.918424> ...
2019-06-03T17:08:23.918736> ...
2019-06-03T17:08:23.919047> ...
2019-06-03T17:08:23.919357> ...
2019-06-03T17:08:23.919669> ...
2019-06-03T17:08:23.919979> ...
2019-06-03T17:08:23.920290> ...
2019-06-03T17:08:23.920601> ...
2019-06-03T17:08:23.920911> ...
2019-06-03T17:08:23.921221> ...
2019-06-03T17:08:23.921532> ...
2019-06-03T17:08:23.921845> ...
2019-06-03T17:08:23.922156> ...
2019-06-03T17:08:23.922468> ...
2019-06-03T17:08:23.922780> ...
2019-06-03T17:08:23.923093> ...
2019-06-03T17:08:23.923406> ...
2019-06-03T17:08:23.923786> ...
2019-06-03T17:08:23.924111> ...
2019-06-03T17:08:23.924427> ...
2019-06-03T17:08:23.924741> ...
2019-06-03T17:08:23.925058> ...
2019-06-03T17:08:23.925385> ...
2019-06-03T17:08:23.925707> ...
2019-06-03T17:08:23.926022> ...
2019-06-03T17:08:23.926333> ...
2019-06-03T17:08:23.926648> ...
2019-06-03T17:08:23.926963> ...
2019-06-03T17:08:23.927272> ...
2019-06-03T17:08:23.927585> ...
2019-06-03T17:08:23.927896> ...
2019-06-03T17:08:23.928207> ...
2019-06-03T17:08:23.928522> ...
2019-06-03T17:08:23.928837> ...
2019-06-03T17:08:23.929148> ...
2019-06-03T17:08:23.929459> ...
2019-06-03T17:08:23.929773> ...
2019-06-03T17:08:23.930085> ...
2019-06-03T17:08:23.930400> ...
2019-06-03T17:08:23.930716> ...
2019-06-03T17:08:23.931030> ...
2019-06-03T17:08:23.931340> ...
2019-06-03T17:08:23.931652> ...
2019-06-03T17:08:23.931961> ...
2019-06-03T17:08:23.932273> ...
2019-06-03T17:08:23.932586> ...
2019-06-03T17:08:23.932904> ...
2019-06-03T17:08:23.933218> ...
2019-06-03T17:08:23.933532> ...
2019-06-03T17:08:23.933886> ...
2019-06-03T17:08:23.934207> ...
2019-06-03T17:08:23.934521> ...
2019-06-03T17:08:23.934832> ...
2019-06-03T17:08:23.935142> ...
2019-06-03T17:08:23.935453> ...
2019-06-03T17:08:23.935762> ...
2019-06-03T17:08:23.936073> ...
2019-06-03T17:08:23.936383> ...
2019-06-03T17:08:23.936693> ...
2019-06-03T17:08:23.937003> ...
2019-06-03T17:08:23.937318> ...
2019-06-03T17:08:23.937628> ...
2019-06-03T17:08:23.937940> ...
2019-06-03T17:08:23.938252> ...
2019-06-03T17:08:23.938564> ...
2019-06-03T17:08:23.938875> ...
2019-06-03T17:08:23.939185> ...
2019-06-03T17:08:23.939498> ...
2019-06-03T17:08:23.939810> ...
2019-06-03T17:08:23.940122> ...
2019-06-03T17:08:23.940435> ...
2019-06-03T17:08:23.940751> ...
2019-06-03T17:08:23.941070> ...
2019-06-03T17:08:23.941382> ...
2019-06-03T17:08:23.941692> ...
2019-06-03T17:08:23.942003> ...
2019-06-03T17:08:23.942316> ...
2019-06-03T17:08:23.942627> ...
2019-06-03T17:08:23.942937> ...
2019-06-03T17:08:23.943249> ...
2019-06-03T17:08:23.943562> ...
2019-06-03T17:08:23.943925> ...
2019-06-03T17:08:23.944250> ...
2019-06-03T17:08:23.944562> ...
2019-06-03T17:08:23.944877> ...
2019-06-03T17:08:23.945191> ...
2019-06-03T17:08:23.945504> ...
2019-06-03T17:08:23.945818> ...
2019-06-03T17:08:23.946129> ...
2019-06-03T17:08:23.946441> ...
2019-06-03T17:08:23.946751> ...
2019-06-03T17:08:23.947063> ...
2019-06-03T17:08:23.947374> ...
2019-06-03T17:08:23.947688> ...
2019-06-03T17:08:23.948003> ...
2019-06-03T17:08:23.948316> ...
2019-06-03T17:08:23.948673> ...
2019-06-03T17:08:23.948984> ...
2019-06-03T17:08:23.949295> ...
2019-06-03T17:08:23.949608> ...
2019-06-03T17:08:23.949918> ...
2019-06-03T17:08:23.950229> ...
2019-06-03T17:08:23.950541> ...
2019-06-03T17:08:23.950854> ...
2019-06-03T17:08:23.951167> ...
2019-06-03T17:08:23.951480> ...
2019-06-03T17:08:23.951791> ...
2019-06-03T17:08:23.952101> ...
2019-06-03T17:08:23.952414> ...
2019-06-03T17:08:23.952727> ...
2019-06-03T17:08:23.953040> ...
2019-06-03T17:08:23.953352> ...
2019-06-03T17:08:23.953662> ...
2019-06-03T17:08:23.954131> ...
2019-06-03T17:08:23.954443> ...
2019-06-03T17:08:23.954757> ...
2019-06-03T17:08:23.955067> ...
2019-06-03T17:08:23.955381> ...
2019-06-03T17:08:23.955695> ...
2019-06-03T17:08:23.956007> ...
2019-06-03T17:08:23.956317> ...
2019-06-03T17:08:23.956628> ...
2019-06-03T17:08:23.956946> ...
2019-06-03T17:08:23.957260> ...
2019-06-03T17:08:23.957639> ...
2019-06-03T17:08:23.957956> ...
2019-06-03T17:08:23.958267> ...
2019-06-03T17:08:23.958664> ...
2019-06-03T17:08:23.958979> ...
2019-06-03T17:08:23.959292> ...
2019-06-03T17:08:23.959675> ...
2019-06-03T17:08:23.959993> ...
2019-06-03T17:08:23.960305> ...
2019-06-03T17:08:23.960616> ...
2019-06-03T17:08:23.961008> ...
2019-06-03T17:08:23.961323> ...
2019-06-03T17:08:23.961635> ...
2019-06-03T17:08:23.961944> ...
2019-06-03T17:08:23.962254> ...
2019-06-03T17:08:23.962569> ...
2019-06-03T17:08:23.962883> ...
2019-06-03T17:08:23.963196> ...
2019-06-03T17:08:23.963509> ...
2019-06-03T17:08:23.963863> ...
2019-06-03T17:08:23.964190> ...
2019-06-03T17:08:23.964503> ...
2019-06-03T17:08:23.964817> ...
2019-06-03T17:08:23.965127> ...
2019-06-03T17:08:23.965441> ...
2019-06-03T17:08:23.965755> ...
2019-06-03T17:08:23.966067> ...
2019-06-03T17:08:23.966378> ...
2019-06-03T17:08:23.966691> ...
2019-06-03T17:08:23.967001> ...
2019-06-03T17:08:23.967313> ...
2019-06-03T17:08:23.967624> ...
2019-06-03T17:08:23.967935> ...
2019-06-03T17:08:23.968247> ...
2019-06-03T17:08:23.968559> ...
2019-06-03T17:08:23.968870> ...
2019-06-03T17:08:23.969183> ...
2019-06-03T17:08:23.969496> ...
2019-06-03T17:08:23.969805> ...
2019-06-03T17:08:23.970115> ...
2019-06-03T17:08:23.970425> ...
2019-06-03T17:08:23.970736> ...
2019-06-03T17:08:23.971048> ...
2019-06-03T17:08:23.971366> ...
2019-06-03T17:08:23.971680> ...
2019-06-03T17:08:23.971999> ...
2019-06-03T17:08:23.972313> ...
2019-06-03T17:08:23.972628> ...
2019-06-03T17:08:23.972941> ...
2019-06-03T17:08:23.973253> ...
2019-06-03T17:08:23.973566> ...
2019-06-03T17:08:23.974011> ...
2019-06-03T17:08:23.974333> ...
2019-06-03T17:08:23.974644> ...
2019-06-03T17:08:23.974957> ...
2019-06-03T17:08:23.975269> ...
2019-06-03T17:08:23.975582> ...
2019-06-03T17:08:23.975894> ...
2019-06-03T17:08:23.976206> ...
2019-06-03T17:08:23.976518> ...
2019-06-03T17:08:23.976831> ...
2019-06-03T17:08:23.977144> ...
2019-06-03T17:08:23.977456> ...
2019-06-03T17:08:23.977770> ...
2019-06-03T17:08:23.978082> ...
2019-06-03T17:08:23.978393> ...
2019-06-03T17:08:23.978704> ...
2019-06-03T17:08:23.979016> ...
2019-06-03T17:08:23.979327> ...
2019-06-03T17:08:23.979640> ...
2019-06-03T17:08:23.979954> ...
2019-06-03T17:08:23.980266> ...
2019-06-03T17:08:23.980578> ...
2019-06-03T17:08:23.980890> ...
2019-06-03T17:08:23.981205> ...
2019-06-03T17:08:23.981518> ...
2019-06-03T17:08:23.981829> ...
2019-06-03T17:08:23.982139> ...
2019-06-03T17:08:23.982451> ...
2019-06-03T17:08:23.982762> ...
2019-06-03T17:08:23.983075> ...
2019-06-03T17:08:23.983386> ...
2019-06-03T17:08:23.983698> ...
2019-06-03T17:08:23.984061> ...
2019-06-03T17:08:23.984373> ...
2019-06-03T17:08:23.984683> ...
2019-06-03T17:08:23.984997> ...
2019-06-03T17:08:23.985308> ...
2019-06-03T17:08:23.985618> ...
2019-06-03T17:08:23.985929> ...
2019-06-03T17:08:23.986241> ...
2019-06-03T17:08:23.986552> ...
2019-06-03T17:08:23.986865> ...
2019-06-03T17:08:23.987176> ...
2019-06-03T17:08:23.987492> ...
2019-06-03T17:08:23.987806> ...
2019-06-03T17:08:23.988117> ...
2019-06-03T17:08:23.988429> ...
2019-06-03T17:08:23.988739> ...
2019-06-03T17:08:23.989056> ...
2019-06-03T17:08:23.989409> ...
2019-06-03T17:08:23.989725> ...
2019-06-03T17:08:23.990040> ...
2019-06-03T17:08:23.990350> ...
2019-06-03T17:08:23.990662> ...
2019-06-03T17:08:23.990976> ...
2019-06-03T17:08:23.991290> ...
2019-06-03T17:08:23.991600> ...
2019-06-03T17:08:23.991911> ...
2019-06-03T17:08:23.992224> ...
2019-06-03T17:08:23.992538> ...
2019-06-03T17:08:23.992849> ...
2019-06-03T17:08:23.993166> ...
2019-06-03T17:08:23.993479> ...
2019-06-03T17:08:23.993833> ...
2019-06-03T17:08:23.994157> ...
2019-06-03T17:08:23.994471> ...
2019-06-03T17:08:23.994783> ...
2019-06-03T17:08:23.995098> ...
2019-06-03T17:08:23.995409> ...
2019-06-03T17:08:23.995722> ...
2019-06-03T17:08:23.996034> ...
2019-06-03T17:08:23.996345> ...
2019-06-03T17:08:23.996654> ...
2019-06-03T17:08:23.996963> ...
2019-06-03T17:08:23.997277> ...
2019-06-03T17:08:23.997589> ...
2019-06-03T17:08:23.997902> ...
2019-06-03T17:08:23.998214> ...
2019-06-03T17:08:23.998527> ...
2019-06-03T17:08:23.998839> ...
2019-06-03T17:08:23.999151> ...
2019-06-03T17:08:23.999463> ...
2019-06-03T17:08:23.999776> ...
2019-06-03T17:08:24.000089> ...
2019-06-03T17:08:24.000404> ...
2019-06-03T17:08:24.000715> ...
2019-06-03T17:08:24.001028> ...
2019-06-03T17:08:24.001342> ...
2019-06-03T17:08:24.001656> ...
2019-06-03T17:08:24.001966> ...
2019-06-03T17:08:24.002278> ...
2019-06-03T17:08:24.002587> ...
2019-06-03T17:08:24.002901> ...
2019-06-03T17:08:24.003211> ...
2019-06-03T17:08:24.003521> ...
2019-06-03T17:08:24.003877> ...
2019-06-03T17:08:24.004202> ...
2019-06-03T17:08:24.004518> ...
2019-06-03T17:08:24.004830> ...
2019-06-03T17:08:24.005145> ...
2019-06-03T17:08:24.005459> ...
2019-06-03T17:08:24.005770> ...
2019-06-03T17:08:24.006081> ...
2019-06-03T17:08:24.006394> ...
2019-06-03T17:08:24.006706> ...
2019-06-03T17:08:24.007020> ...
2019-06-03T17:08:24.007331> ...
2019-06-03T17:08:24.007646> ...
2019-06-03T17:08:24.007959> ...
2019-06-03T17:08:24.008273> ...
2019-06-03T17:08:24.008585> ...
2019-06-03T17:08:24.008900> ...
2019-06-03T17:08:24.009216> ...
2019-06-03T17:08:24.009527> ...
2019-06-03T17:08:24.009839> ...
2019-06-03T17:08:24.010150> ...
2019-06-03T17:08:24.010463> ...
2019-06-03T17:08:24.010775> ...
2019-06-03T17:08:24.011085> ...
2019-06-03T17:08:24.011396> ...
2019-06-03T17:08:24.011708> ...
2019-06-03T17:08:24.012020> ...
2019-06-03T17:08:24.012332> ...
2019-06-03T17:08:24.012641> ...
2019-06-03T17:08:24.012952> ...
2019-06-03T17:08:24.013264> ...
2019-06-03T17:08:24.013576> ...
2019-06-03T17:08:24.014104> ...
2019-06-03T17:08:24.014435> ...
2019-06-03T17:08:24.014752> ...
2019-06-03T17:08:24.015064> ...
2019-06-03T17:08:24.015374> ...
2019-06-03T17:08:24.015687> ...
2019-06-03T17:08:24.016001> ...
2019-06-03T17:08:24.016314> ...
2019-06-03T17:08:24.016628> ...
2019-06-03T17:08:24.016939> ...
2019-06-03T17:08:24.017251> ...
2019-06-03T17:08:24.017565> ...
2019-06-03T17:08:24.017876> ...
2019-06-03T17:08:24.018187> ...
2019-06-03T17:08:24.018501> ...
2019-06-03T17:08:24.018811> ...
2019-06-03T17:08:24.019123> ...
2019-06-03T17:08:24.019433> ...
2019-06-03T17:08:24.019745> ...
2019-06-03T17:08:24.020057> ...
2019-06-03T17:08:24.020369> ...
2019-06-03T17:08:24.020680> ...
2019-06-03T17:08:24.021091> ...
2019-06-03T17:08:24.021405> ...
2019-06-03T17:08:24.021716> ...
2019-06-03T17:08:24.022029> ...
2019-06-03T17:08:24.022340> ...
2019-06-03T17:08:24.022653> ...
2019-06-03T17:08:24.022966> ...
2019-06-03T17:08:24.023278> ...
2019-06-03T17:08:24.023592> ...
2019-06-03T17:08:24.023942> ...
2019-06-03T17:08:24.024263> ...
2019-06-03T17:08:24.024575> ...
2019-06-03T17:08:24.024886> ...
2019-06-03T17:08:24.025199> ...
2019-06-03T17:08:24.025522> ...
2019-06-03T17:08:24.025851> ...
2019-06-03T17:08:24.026165> ...
2019-06-03T17:08:24.026477> ...
2019-06-03T17:08:24.026798> ...
2019-06-03T17:08:24.027115> ...
2019-06-03T17:08:24.027426> ...
2019-06-03T17:08:24.027739> ...
2019-06-03T17:08:24.028050> ...
2019-06-03T17:08:24.028362> ...
2019-06-03T17:08:24.028674> ...
2019-06-03T17:08:24.028995> ...
2019-06-03T17:08:24.029307> ...
2019-06-03T17:08:24.029617> ...
2019-06-03T17:08:24.029976> ...
2019-06-03T17:08:24.030289> ...
2019-06-03T17:08:24.030601> ...
2019-06-03T17:08:24.030909> ...
2019-06-03T17:08:24.031223> ...
2019-06-03T17:08:24.031535> ...
2019-06-03T17:08:24.031848> ...
2019-06-03T17:08:24.032160> ...
2019-06-03T17:08:24.032471> ...
2019-06-03T17:08:24.032782> ...
2019-06-03T17:08:24.033099> ...
2019-06-03T17:08:24.033413> ...
2019-06-03T17:08:24.033942> ...
2019-06-03T17:08:24.034274> ...
2019-06-03T17:08:24.034591> ...
2019-06-03T17:08:24.034903> ...
2019-06-03T17:08:24.035216> ...
2019-06-03T17:08:24.035533> ...
2019-06-03T17:08:24.035846> ...
2019-06-03T17:08:24.036159> ...
2019-06-03T17:08:24.036471> ...
2019-06-03T17:08:24.036783> ...
2019-06-03T17:08:24.037096> ...
2019-06-03T17:08:24.037409> ...
2019-06-03T17:08:24.037721> ...
2019-06-03T17:08:24.038033> ...
2019-06-03T17:08:24.038345> ...
2019-06-03T17:08:24.038658> ...
2019-06-03T17:08:24.038970> ...
2019-06-03T17:08:24.039282> ...
2019-06-03T17:08:24.039597> ...
2019-06-03T17:08:24.039909> ...
2019-06-03T17:08:24.040223> ...
2019-06-03T17:08:24.040534> ...
2019-06-03T17:08:24.040848> ...
2019-06-03T17:08:24.041168> ...
2019-06-03T17:08:24.041480> ...
2019-06-03T17:08:24.041792> ...
2019-06-03T17:08:24.042104> ...
2019-06-03T17:08:24.042418> ...
2019-06-03T17:08:24.042729> ...
2019-06-03T17:08:24.043041> ...
2019-06-03T17:08:24.043353> ...
2019-06-03T17:08:24.043667> ...
2019-06-03T17:08:24.044030> ...
2019-06-03T17:08:24.044346> ...
2019-06-03T17:08:24.044660> ...
2019-06-03T17:08:24.044974> ...
2019-06-03T17:08:24.045286> ...
2019-06-03T17:08:24.045598> ...
2019-06-03T17:08:24.045914> ...
2019-06-03T17:08:24.046229> ...
2019-06-03T17:08:24.046541> ...
2019-06-03T17:08:24.046853> ...
2019-06-03T17:08:24.047164> ...
2019-06-03T17:08:24.047475> ...
2019-06-03T17:08:24.047789> ...
2019-06-03T17:08:24.048102> ...
2019-06-03T17:08:24.048413> ...
2019-06-03T17:08:24.048724> ...
2019-06-03T17:08:24.049035> ...
2019-06-03T17:08:24.049347> ...
2019-06-03T17:08:24.049659> ...
2019-06-03T17:08:24.049971> ...
2019-06-03T17:08:24.050281> ...
2019-06-03T17:08:24.050593> ...
2019-06-03T17:08:24.050902> ...
2019-06-03T17:08:24.051212> ...
2019-06-03T17:08:24.051524> ...
2019-06-03T17:08:24.051838> ...
2019-06-03T17:08:24.052151> ...
2019-06-03T17:08:24.052461> ...
2019-06-03T17:08:24.052772> ...
2019-06-03T17:08:24.053083> ...
2019-06-03T17:08:24.053392> ...
2019-06-03T17:08:24.053703> ...
2019-06-03T17:08:24.054102> ...
2019-06-03T17:08:24.054413> ...
2019-06-03T17:08:24.054723> ...
2019-06-03T17:08:24.055035> ...
2019-06-03T17:08:24.055346> ...
2019-06-03T17:08:24.055660> ...
2019-06-03T17:08:24.055972> ...
2019-06-03T17:08:24.056282> ...
2019-06-03T17:08:24.056593> ...
2019-06-03T17:08:24.056904> ...
2019-06-03T17:08:24.057219> ...
2019-06-03T17:08:24.057531> ...
2019-06-03T17:08:24.057841> ...
2019-06-03T17:08:24.058153> ...
2019-06-03T17:08:24.058465> ...
2019-06-03T17:08:24.058778> ...
2019-06-03T17:08:24.059091> ...
2019-06-03T17:08:24.059401> ...
2019-06-03T17:08:24.059712> ...
2019-06-03T17:08:24.060023> ...
2019-06-03T17:08:24.060334> ...
2019-06-03T17:08:24.060645> ...
2019-06-03T17:08:24.060956> ...
2019-06-03T17:08:24.061267> ...
2019-06-03T17:08:24.061578> ...
2019-06-03T17:08:24.061889> ...
2019-06-03T17:08:24.062200> ...
2019-06-03T17:08:24.062510> ...
2019-06-03T17:08:24.062823> ...
2019-06-03T17:08:24.063134> ...
2019-06-03T17:08:24.063445> ...
2019-06-03T17:08:24.063795> ...
2019-06-03T17:08:24.064123> ...
2019-06-03T17:08:24.064434> ...
2019-06-03T17:08:24.064748> ...
2019-06-03T17:08:24.065059> ...
2019-06-03T17:08:24.065371> ...
2019-06-03T17:08:24.065684> ...
2019-06-03T17:08:24.065998> ...
2019-06-03T17:08:24.066311> ...
2019-06-03T17:08:24.066622> ...
2019-06-03T17:08:24.066936> ...
2019-06-03T17:08:24.067247> ...
2019-06-03T17:08:24.067558> ...
2019-06-03T17:08:24.067873> ...
2019-06-03T17:08:24.068188> ...
2019-06-03T17:08:24.068503> ...
2019-06-03T17:08:24.068816> ...
2019-06-03T17:08:24.069127> ...
2019-06-03T17:08:24.069438> ...
2019-06-03T17:08:24.069751> ...
2019-06-03T17:08:24.070062> ...
2019-06-03T17:08:24.070414> ...
2019-06-03T17:08:24.070725> ...
2019-06-03T17:08:24.071038> ...
2019-06-03T17:08:24.071351> ...
2019-06-03T17:08:24.071665> ...
2019-06-03T17:08:24.071998> ...
2019-06-03T17:08:24.072310> ...
2019-06-03T17:08:24.072621> ...
2019-06-03T17:08:24.072932> ...
2019-06-03T17:08:24.073244> ...
2019-06-03T17:08:24.073651> ...
2019-06-03T17:08:24.074105> ...
2019-06-03T17:08:24.074425> ...
2019-06-03T17:08:24.074741> ...
2019-06-03T17:08:24.075055> ...
2019-06-03T17:08:24.075368> ...
2019-06-03T17:08:24.075681> ...
2019-06-03T17:08:24.075994> ...
2019-06-03T17:08:24.076308> ...
2019-06-03T17:08:24.076622> ...
2019-06-03T17:08:24.076935> ...
2019-06-03T17:08:24.077248> ...
2019-06-03T17:08:24.077561> ...
2019-06-03T17:08:24.077874> ...
2019-06-03T17:08:24.078184> ...
2019-06-03T17:08:24.078499> ...
2019-06-03T17:08:24.078813> ...
2019-06-03T17:08:24.079122> ...
2019-06-03T17:08:24.079434> ...
2019-06-03T17:08:24.079744> ...
2019-06-03T17:08:24.080059> ...
2019-06-03T17:08:24.080371> ...
2019-06-03T17:08:24.080682> ...
2019-06-03T17:08:24.080993> ...
2019-06-03T17:08:24.081307> ...
