The target system is: RIOT -  - 
The host system is: Linux - 4.9.0-9-amd64 - x86_64
Compiling the C compiler identification source file "CMakeCCompilerId.c" succeeded.
Compiler: /usr/bin/gcc 
Build flags: 
Id flags:  

The output was:
0


Compilation of the C compiler identification source "CMakeCCompilerId.c" produced "a.out"

The C compiler identification is GNU, found in "/home/aghiles/Aghiles/Program/boards/riot/javascript/bin/native/jerryscript/CMakeFiles/3.14.5/CompilerIdC/a.out"

Detecting C compiler ABI info compiled with the following output:
Change Dir: /home/aghiles/Aghiles/Program/boards/riot/javascript/bin/native/jerryscript/CMakeFiles/CMakeTmp

Run Build Command(s):/usr/bin/make cmTC_1c953/fast 
make[3]: Entering directory '/home/aghiles/Aghiles/Program/boards/riot/javascript/bin/native/jerryscript/CMakeFiles/CMakeTmp'
/usr/bin/make -f CMakeFiles/cmTC_1c953.dir/build.make CMakeFiles/cmTC_1c953.dir/build
make[4]: Entering directory '/home/aghiles/Aghiles/Program/boards/riot/javascript/bin/native/jerryscript/CMakeFiles/CMakeTmp'
Building C object CMakeFiles/cmTC_1c953.dir/CMakeCCompilerABI.c.obj
/usr/bin/gcc   -I/home/aghiles/Aghiles/Program/boards/riot/javascript/bin/native/js/ -Werror -Wall -Wextra -pedantic -std=gnu99 -m32 -fstack-protector-all -ffunction-sections -fdata-sections -fno-delete-null-pointer-checks -fdiagnostics-color -Wstrict-prototypes -Wold-style-definition -fno-common -Wall -Wextra -Wformat=2 -Wmissing-include-dirs -include '/home/aghiles/Aghiles/Program/boards/riot/javascript/bin/native/riotbuild/riotbuild.h' -Wno-implicit-fallthrough    -v -o CMakeFiles/cmTC_1c953.dir/CMakeCCompilerABI.c.obj   -c /usr/local/share/cmake-3.14/Modules/CMakeCCompilerABI.c
Using built-in specs.
COLLECT_GCC=/usr/bin/gcc
Target: x86_64-linux-gnu
Configured with: ../src/configure -v --with-pkgversion='Debian 6.3.0-18+deb9u1' --with-bugurl=file:///usr/share/doc/gcc-6/README.Bugs --enable-languages=c,ada,c++,java,go,d,fortran,objc,obj-c++ --prefix=/usr --program-suffix=-6 --program-prefix=x86_64-linux-gnu- --enable-shared --enable-linker-build-id --libexecdir=/usr/lib --without-included-gettext --enable-threads=posix --libdir=/usr/lib --enable-nls --with-sysroot=/ --enable-clocale=gnu --enable-libstdcxx-debug --enable-libstdcxx-time=yes --with-default-libstdcxx-abi=new --enable-gnu-unique-object --disable-vtable-verify --enable-libmpx --enable-plugin --enable-default-pie --with-system-zlib --disable-browser-plugin --enable-java-awt=gtk --enable-gtk-cairo --with-java-home=/usr/lib/jvm/java-1.5.0-gcj-6-amd64/jre --enable-java-home --with-jvm-root-dir=/usr/lib/jvm/java-1.5.0-gcj-6-amd64 --with-jvm-jar-dir=/usr/lib/jvm-exports/java-1.5.0-gcj-6-amd64 --with-arch-directory=amd64 --with-ecj-jar=/usr/share/java/eclipse-ecj.jar --with-target-system-zlib --enable-objc-gc=auto --enable-multiarch --with-arch-32=i686 --with-abi=m64 --with-multilib-list=m32,m64,mx32 --enable-multilib --with-tune=generic --enable-checking=release --build=x86_64-linux-gnu --host=x86_64-linux-gnu --target=x86_64-linux-gnu
Thread model: posix
gcc version 6.3.0 20170516 (Debian 6.3.0-18+deb9u1) 
COLLECT_GCC_OPTIONS='-fdiagnostics-color=always' '-I' '/home/aghiles/Aghiles/Program/boards/riot/javascript/bin/native/js/' '-Werror' '-Wpedantic' '-std=gnu99' '-m32' '-fstack-protector-all' '-ffunction-sections' '-fdata-sections' '-fno-delete-null-pointer-checks' '-Wstrict-prototypes' '-Wold-style-definition' '-fno-common' '-Wall' '-Wextra' '-Wformat=2' '-Wmissing-include-dirs' '-include' '/home/aghiles/Aghiles/Program/boards/riot/javascript/bin/native/riotbuild/riotbuild.h' '-Wno-implicit-fallthrough' '-v' '-o' 'CMakeFiles/cmTC_1c953.dir/CMakeCCompilerABI.c.obj' '-c' '-mtune=generic' '-march=i686'
 /usr/lib/gcc/x86_64-linux-gnu/6/cc1 -quiet -v -I /home/aghiles/Aghiles/Program/boards/riot/javascript/bin/native/js/ -imultilib 32 -imultiarch i386-linux-gnu -include /home/aghiles/Aghiles/Program/boards/riot/javascript/bin/native/riotbuild/riotbuild.h /usr/local/share/cmake-3.14/Modules/CMakeCCompilerABI.c -quiet -dumpbase CMakeCCompilerABI.c -m32 -mtune=generic -march=i686 -auxbase-strip CMakeFiles/cmTC_1c953.dir/CMakeCCompilerABI.c.obj -Werror -Wpedantic -Wstrict-prototypes -Wold-style-definition -Wall -Wextra -Wformat=2 -Wmissing-include-dirs -Wno-implicit-fallthrough -std=gnu99 -version -fdiagnostics-color=always -fstack-protector-all -ffunction-sections -fdata-sections -fno-delete-null-pointer-checks -fno-common -o /tmp/cc3Iz1eY.s
GNU C99 (Debian 6.3.0-18+deb9u1) version 6.3.0 20170516 (x86_64-linux-gnu)
	compiled by GNU C version 6.3.0 20170516, GMP version 6.1.2, MPFR version 3.1.5, MPC version 1.0.3, isl version 0.15
GGC heuristics: --param ggc-min-expand=100 --param ggc-min-heapsize=131072
ignoring nonexistent directory "/usr/local/include/i386-linux-gnu"
ignoring nonexistent directory "/usr/lib/gcc/x86_64-linux-gnu/6/../../../../x86_64-linux-gnu/include"
ignoring nonexistent directory "/usr/include/i386-linux-gnu"
#include "..." search starts here:
#include <...> search starts here:
 /home/aghiles/Aghiles/Program/boards/riot/javascript/bin/native/js/
 /usr/lib/gcc/x86_64-linux-gnu/6/include
 /usr/local/include
 /usr/lib/gcc/x86_64-linux-gnu/6/include-fixed
 /usr/include
End of search list.
GNU C99 (Debian 6.3.0-18+deb9u1) version 6.3.0 20170516 (x86_64-linux-gnu)
	compiled by GNU C version 6.3.0 20170516, GMP version 6.1.2, MPFR version 3.1.5, MPC version 1.0.3, isl version 0.15
GGC heuristics: --param ggc-min-expand=100 --param ggc-min-heapsize=131072
Compiler executable checksum: b8e5d7f3c4236757ee0871869b8330f3
COLLECT_GCC_OPTIONS='-fdiagnostics-color=always' '-I' '/home/aghiles/Aghiles/Program/boards/riot/javascript/bin/native/js/' '-Werror' '-Wpedantic' '-std=gnu99' '-m32' '-fstack-protector-all' '-ffunction-sections' '-fdata-sections' '-fno-delete-null-pointer-checks' '-Wstrict-prototypes' '-Wold-style-definition' '-fno-common' '-Wall' '-Wextra' '-Wformat=2' '-Wmissing-include-dirs' '-include' '/home/aghiles/Aghiles/Program/boards/riot/javascript/bin/native/riotbuild/riotbuild.h' '-Wno-implicit-fallthrough' '-v' '-o' 'CMakeFiles/cmTC_1c953.dir/CMakeCCompilerABI.c.obj' '-c' '-mtune=generic' '-march=i686'
 as -v -I /home/aghiles/Aghiles/Program/boards/riot/javascript/bin/native/js/ --32 -o CMakeFiles/cmTC_1c953.dir/CMakeCCompilerABI.c.obj /tmp/cc3Iz1eY.s
GNU assembler version 2.28 (x86_64-linux-gnu) using BFD version (GNU Binutils for Debian) 2.28
COMPILER_PATH=/usr/lib/gcc/x86_64-linux-gnu/6/:/usr/lib/gcc/x86_64-linux-gnu/6/:/usr/lib/gcc/x86_64-linux-gnu/:/usr/lib/gcc/x86_64-linux-gnu/6/:/usr/lib/gcc/x86_64-linux-gnu/
LIBRARY_PATH=/usr/lib/gcc/x86_64-linux-gnu/6/32/:/usr/lib/gcc/x86_64-linux-gnu/6/../../../../lib32/:/lib/../lib32/:/usr/lib/../lib32/:/usr/lib/gcc/x86_64-linux-gnu/6/:/usr/lib/gcc/x86_64-linux-gnu/6/../../../:/lib/:/usr/lib/
COLLECT_GCC_OPTIONS='-fdiagnostics-color=always' '-I' '/home/aghiles/Aghiles/Program/boards/riot/javascript/bin/native/js/' '-Werror' '-Wpedantic' '-std=gnu99' '-m32' '-fstack-protector-all' '-ffunction-sections' '-fdata-sections' '-fno-delete-null-pointer-checks' '-Wstrict-prototypes' '-Wold-style-definition' '-fno-common' '-Wall' '-Wextra' '-Wformat=2' '-Wmissing-include-dirs' '-include' '/home/aghiles/Aghiles/Program/boards/riot/javascript/bin/native/riotbuild/riotbuild.h' '-Wno-implicit-fallthrough' '-v' '-o' 'CMakeFiles/cmTC_1c953.dir/CMakeCCompilerABI.c.obj' '-c' '-mtune=generic' '-march=i686'
Linking C executable cmTC_1c953
/usr/local/bin/cmake -E cmake_link_script CMakeFiles/cmTC_1c953.dir/link.txt --verbose=1
/usr/bin/gcc -I/home/aghiles/Aghiles/Program/boards/riot/javascript/bin/native/js/ -Werror -Wall -Wextra -pedantic -std=gnu99 -m32 -fstack-protector-all -ffunction-sections -fdata-sections -fno-delete-null-pointer-checks -fdiagnostics-color -Wstrict-prototypes -Wold-style-definition -fno-common -Wall -Wextra -Wformat=2 -Wmissing-include-dirs -include '/home/aghiles/Aghiles/Program/boards/riot/javascript/bin/native/riotbuild/riotbuild.h' -Wno-implicit-fallthrough    -v CMakeFiles/cmTC_1c953.dir/CMakeCCompilerABI.c.obj  -o cmTC_1c953 
Using built-in specs.
COLLECT_GCC=/usr/bin/gcc
COLLECT_LTO_WRAPPER=/usr/lib/gcc/x86_64-linux-gnu/6/lto-wrapper
Target: x86_64-linux-gnu
Configured with: ../src/configure -v --with-pkgversion='Debian 6.3.0-18+deb9u1' --with-bugurl=file:///usr/share/doc/gcc-6/README.Bugs --enable-languages=c,ada,c++,java,go,d,fortran,objc,obj-c++ --prefix=/usr --program-suffix=-6 --program-prefix=x86_64-linux-gnu- --enable-shared --enable-linker-build-id --libexecdir=/usr/lib --without-included-gettext --enable-threads=posix --libdir=/usr/lib --enable-nls --with-sysroot=/ --enable-clocale=gnu --enable-libstdcxx-debug --enable-libstdcxx-time=yes --with-default-libstdcxx-abi=new --enable-gnu-unique-object --disable-vtable-verify --enable-libmpx --enable-plugin --enable-default-pie --with-system-zlib --disable-browser-plugin --enable-java-awt=gtk --enable-gtk-cairo --with-java-home=/usr/lib/jvm/java-1.5.0-gcj-6-amd64/jre --enable-java-home --with-jvm-root-dir=/usr/lib/jvm/java-1.5.0-gcj-6-amd64 --with-jvm-jar-dir=/usr/lib/jvm-exports/java-1.5.0-gcj-6-amd64 --with-arch-directory=amd64 --with-ecj-jar=/usr/share/java/eclipse-ecj.jar --with-target-system-zlib --enable-objc-gc=auto --enable-multiarch --with-arch-32=i686 --with-abi=m64 --with-multilib-list=m32,m64,mx32 --enable-multilib --with-tune=generic --enable-checking=release --build=x86_64-linux-gnu --host=x86_64-linux-gnu --target=x86_64-linux-gnu
Thread model: posix
gcc version 6.3.0 20170516 (Debian 6.3.0-18+deb9u1) 
COMPILER_PATH=/usr/lib/gcc/x86_64-linux-gnu/6/:/usr/lib/gcc/x86_64-linux-gnu/6/:/usr/lib/gcc/x86_64-linux-gnu/:/usr/lib/gcc/x86_64-linux-gnu/6/:/usr/lib/gcc/x86_64-linux-gnu/
LIBRARY_PATH=/usr/lib/gcc/x86_64-linux-gnu/6/32/:/usr/lib/gcc/x86_64-linux-gnu/6/../../../../lib32/:/lib/../lib32/:/usr/lib/../lib32/:/usr/lib/gcc/x86_64-linux-gnu/6/:/usr/lib/gcc/x86_64-linux-gnu/6/../../../:/lib/:/usr/lib/
COLLECT_GCC_OPTIONS='-fdiagnostics-color=always' '-I' '/home/aghiles/Aghiles/Program/boards/riot/javascript/bin/native/js/' '-Werror' '-Wpedantic' '-std=gnu99' '-m32' '-fstack-protector-all' '-ffunction-sections' '-fdata-sections' '-fno-delete-null-pointer-checks' '-Wstrict-prototypes' '-Wold-style-definition' '-fno-common' '-Wall' '-Wextra' '-Wformat=2' '-Wmissing-include-dirs' '-include' '/home/aghiles/Aghiles/Program/boards/riot/javascript/bin/native/riotbuild/riotbuild.h' '-Wno-implicit-fallthrough' '-v' '-o' 'cmTC_1c953' '-mtune=generic' '-march=i686'
 /usr/lib/gcc/x86_64-linux-gnu/6/collect2 -plugin /usr/lib/gcc/x86_64-linux-gnu/6/liblto_plugin.so -plugin-opt=/usr/lib/gcc/x86_64-linux-gnu/6/lto-wrapper -plugin-opt=-fresolution=/tmp/cc3aK2t0.res -plugin-opt=-pass-through=-lgcc -plugin-opt=-pass-through=-lgcc_s -plugin-opt=-pass-through=-lc -plugin-opt=-pass-through=-lgcc -plugin-opt=-pass-through=-lgcc_s --sysroot=/ --build-id --eh-frame-hdr -m elf_i386 --hash-style=gnu -dynamic-linker /lib/ld-linux.so.2 -pie -o cmTC_1c953 /usr/lib/gcc/x86_64-linux-gnu/6/../../../../lib32/Scrt1.o /usr/lib/gcc/x86_64-linux-gnu/6/../../../../lib32/crti.o /usr/lib/gcc/x86_64-linux-gnu/6/32/crtbeginS.o -L/usr/lib/gcc/x86_64-linux-gnu/6/32 -L/usr/lib/gcc/x86_64-linux-gnu/6/../../../../lib32 -L/lib/../lib32 -L/usr/lib/../lib32 -L/usr/lib/gcc/x86_64-linux-gnu/6 -L/usr/lib/gcc/x86_64-linux-gnu/6/../../.. CMakeFiles/cmTC_1c953.dir/CMakeCCompilerABI.c.obj -lgcc --as-needed -lgcc_s --no-as-needed -lc -lgcc --as-needed -lgcc_s --no-as-needed /usr/lib/gcc/x86_64-linux-gnu/6/32/crtendS.o /usr/lib/gcc/x86_64-linux-gnu/6/../../../../lib32/crtn.o
COLLECT_GCC_OPTIONS='-fdiagnostics-color=always' '-I' '/home/aghiles/Aghiles/Program/boards/riot/javascript/bin/native/js/' '-Werror' '-Wpedantic' '-std=gnu99' '-m32' '-fstack-protector-all' '-ffunction-sections' '-fdata-sections' '-fno-delete-null-pointer-checks' '-Wstrict-prototypes' '-Wold-style-definition' '-fno-common' '-Wall' '-Wextra' '-Wformat=2' '-Wmissing-include-dirs' '-include' '/home/aghiles/Aghiles/Program/boards/riot/javascript/bin/native/riotbuild/riotbuild.h' '-Wno-implicit-fallthrough' '-v' '-o' 'cmTC_1c953' '-mtune=generic' '-march=i686'
make[4]: Leaving directory '/home/aghiles/Aghiles/Program/boards/riot/javascript/bin/native/jerryscript/CMakeFiles/CMakeTmp'
make[3]: Leaving directory '/home/aghiles/Aghiles/Program/boards/riot/javascript/bin/native/jerryscript/CMakeFiles/CMakeTmp'


Parsed C implicit include dir info from above output: rv=done
  found start of include info
  found start of implicit include info
    add: [/home/aghiles/Aghiles/Program/boards/riot/javascript/bin/native/js/]
    add: [/usr/lib/gcc/x86_64-linux-gnu/6/include]
    add: [/usr/local/include]
    add: [/usr/lib/gcc/x86_64-linux-gnu/6/include-fixed]
    add: [/usr/include]
  end of search list found
  collapse include dir [/home/aghiles/Aghiles/Program/boards/riot/javascript/bin/native/js/] ==> [/home/aghiles/Aghiles/Program/boards/riot/javascript/bin/native/js]
  collapse include dir [/usr/lib/gcc/x86_64-linux-gnu/6/include] ==> [/usr/lib/gcc/x86_64-linux-gnu/6/include]
  collapse include dir [/usr/local/include] ==> [/usr/local/include]
  collapse include dir [/usr/lib/gcc/x86_64-linux-gnu/6/include-fixed] ==> [/usr/lib/gcc/x86_64-linux-gnu/6/include-fixed]
  collapse include dir [/usr/include] ==> [/usr/include]
  implicit include dirs: [/home/aghiles/Aghiles/Program/boards/riot/javascript/bin/native/js;/usr/lib/gcc/x86_64-linux-gnu/6/include;/usr/local/include;/usr/lib/gcc/x86_64-linux-gnu/6/include-fixed;/usr/include]


Parsed C implicit link information from above output:
  link line regex: [^( *|.*[/\])(ld|CMAKE_LINK_STARTFILE-NOTFOUND|([^/\]+-)?ld|collect2)[^/\]*( |$)]
  ignore line: [Change Dir: /home/aghiles/Aghiles/Program/boards/riot/javascript/bin/native/jerryscript/CMakeFiles/CMakeTmp]
  ignore line: []
  ignore line: [Run Build Command(s):/usr/bin/make cmTC_1c953/fast ]
  ignore line: [make[3]: Entering directory '/home/aghiles/Aghiles/Program/boards/riot/javascript/bin/native/jerryscript/CMakeFiles/CMakeTmp']
  ignore line: [/usr/bin/make -f CMakeFiles/cmTC_1c953.dir/build.make CMakeFiles/cmTC_1c953.dir/build]
  ignore line: [make[4]: Entering directory '/home/aghiles/Aghiles/Program/boards/riot/javascript/bin/native/jerryscript/CMakeFiles/CMakeTmp']
  ignore line: [Building C object CMakeFiles/cmTC_1c953.dir/CMakeCCompilerABI.c.obj]
  ignore line: [/usr/bin/gcc   -I/home/aghiles/Aghiles/Program/boards/riot/javascript/bin/native/js/ -Werror -Wall -Wextra -pedantic -std=gnu99 -m32 -fstack-protector-all -ffunction-sections -fdata-sections -fno-delete-null-pointer-checks -fdiagnostics-color -Wstrict-prototypes -Wold-style-definition -fno-common -Wall -Wextra -Wformat=2 -Wmissing-include-dirs -include '/home/aghiles/Aghiles/Program/boards/riot/javascript/bin/native/riotbuild/riotbuild.h' -Wno-implicit-fallthrough    -v -o CMakeFiles/cmTC_1c953.dir/CMakeCCompilerABI.c.obj   -c /usr/local/share/cmake-3.14/Modules/CMakeCCompilerABI.c]
  ignore line: [Using built-in specs.]
  ignore line: [COLLECT_GCC=/usr/bin/gcc]
  ignore line: [Target: x86_64-linux-gnu]
  ignore line: [Configured with: ../src/configure -v --with-pkgversion='Debian 6.3.0-18+deb9u1' --with-bugurl=file:///usr/share/doc/gcc-6/README.Bugs --enable-languages=c,ada,c++,java,go,d,fortran,objc,obj-c++ --prefix=/usr --program-suffix=-6 --program-prefix=x86_64-linux-gnu- --enable-shared --enable-linker-build-id --libexecdir=/usr/lib --without-included-gettext --enable-threads=posix --libdir=/usr/lib --enable-nls --with-sysroot=/ --enable-clocale=gnu --enable-libstdcxx-debug --enable-libstdcxx-time=yes --with-default-libstdcxx-abi=new --enable-gnu-unique-object --disable-vtable-verify --enable-libmpx --enable-plugin --enable-default-pie --with-system-zlib --disable-browser-plugin --enable-java-awt=gtk --enable-gtk-cairo --with-java-home=/usr/lib/jvm/java-1.5.0-gcj-6-amd64/jre --enable-java-home --with-jvm-root-dir=/usr/lib/jvm/java-1.5.0-gcj-6-amd64 --with-jvm-jar-dir=/usr/lib/jvm-exports/java-1.5.0-gcj-6-amd64 --with-arch-directory=amd64 --with-ecj-jar=/usr/share/java/eclipse-ecj.jar --with-target-system-zlib --enable-objc-gc=auto --enable-multiarch --with-arch-32=i686 --with-abi=m64 --with-multilib-list=m32,m64,mx32 --enable-multilib --with-tune=generic --enable-checking=release --build=x86_64-linux-gnu --host=x86_64-linux-gnu --target=x86_64-linux-gnu]
  ignore line: [Thread model: posix]
  ignore line: [gcc version 6.3.0 20170516 (Debian 6.3.0-18+deb9u1) ]
  ignore line: [COLLECT_GCC_OPTIONS='-fdiagnostics-color=always' '-I' '/home/aghiles/Aghiles/Program/boards/riot/javascript/bin/native/js/' '-Werror' '-Wpedantic' '-std=gnu99' '-m32' '-fstack-protector-all' '-ffunction-sections' '-fdata-sections' '-fno-delete-null-pointer-checks' '-Wstrict-prototypes' '-Wold-style-definition' '-fno-common' '-Wall' '-Wextra' '-Wformat=2' '-Wmissing-include-dirs' '-include' '/home/aghiles/Aghiles/Program/boards/riot/javascript/bin/native/riotbuild/riotbuild.h' '-Wno-implicit-fallthrough' '-v' '-o' 'CMakeFiles/cmTC_1c953.dir/CMakeCCompilerABI.c.obj' '-c' '-mtune=generic' '-march=i686']
  ignore line: [ /usr/lib/gcc/x86_64-linux-gnu/6/cc1 -quiet -v -I /home/aghiles/Aghiles/Program/boards/riot/javascript/bin/native/js/ -imultilib 32 -imultiarch i386-linux-gnu -include /home/aghiles/Aghiles/Program/boards/riot/javascript/bin/native/riotbuild/riotbuild.h /usr/local/share/cmake-3.14/Modules/CMakeCCompilerABI.c -quiet -dumpbase CMakeCCompilerABI.c -m32 -mtune=generic -march=i686 -auxbase-strip CMakeFiles/cmTC_1c953.dir/CMakeCCompilerABI.c.obj -Werror -Wpedantic -Wstrict-prototypes -Wold-style-definition -Wall -Wextra -Wformat=2 -Wmissing-include-dirs -Wno-implicit-fallthrough -std=gnu99 -version -fdiagnostics-color=always -fstack-protector-all -ffunction-sections -fdata-sections -fno-delete-null-pointer-checks -fno-common -o /tmp/cc3Iz1eY.s]
  ignore line: [GNU C99 (Debian 6.3.0-18+deb9u1) version 6.3.0 20170516 (x86_64-linux-gnu)]
  ignore line: [	compiled by GNU C version 6.3.0 20170516, GMP version 6.1.2, MPFR version 3.1.5, MPC version 1.0.3, isl version 0.15]
  ignore line: [GGC heuristics: --param ggc-min-expand=100 --param ggc-min-heapsize=131072]
  ignore line: [ignoring nonexistent directory "/usr/local/include/i386-linux-gnu"]
  ignore line: [ignoring nonexistent directory "/usr/lib/gcc/x86_64-linux-gnu/6/../../../../x86_64-linux-gnu/include"]
  ignore line: [ignoring nonexistent directory "/usr/include/i386-linux-gnu"]
  ignore line: [#include "..." search starts here:]
  ignore line: [#include <...> search starts here:]
  ignore line: [ /home/aghiles/Aghiles/Program/boards/riot/javascript/bin/native/js/]
  ignore line: [ /usr/lib/gcc/x86_64-linux-gnu/6/include]
  ignore line: [ /usr/local/include]
  ignore line: [ /usr/lib/gcc/x86_64-linux-gnu/6/include-fixed]
  ignore line: [ /usr/include]
  ignore line: [End of search list.]
  ignore line: [GNU C99 (Debian 6.3.0-18+deb9u1) version 6.3.0 20170516 (x86_64-linux-gnu)]
  ignore line: [	compiled by GNU C version 6.3.0 20170516, GMP version 6.1.2, MPFR version 3.1.5, MPC version 1.0.3, isl version 0.15]
  ignore line: [GGC heuristics: --param ggc-min-expand=100 --param ggc-min-heapsize=131072]
  ignore line: [Compiler executable checksum: b8e5d7f3c4236757ee0871869b8330f3]
  ignore line: [COLLECT_GCC_OPTIONS='-fdiagnostics-color=always' '-I' '/home/aghiles/Aghiles/Program/boards/riot/javascript/bin/native/js/' '-Werror' '-Wpedantic' '-std=gnu99' '-m32' '-fstack-protector-all' '-ffunction-sections' '-fdata-sections' '-fno-delete-null-pointer-checks' '-Wstrict-prototypes' '-Wold-style-definition' '-fno-common' '-Wall' '-Wextra' '-Wformat=2' '-Wmissing-include-dirs' '-include' '/home/aghiles/Aghiles/Program/boards/riot/javascript/bin/native/riotbuild/riotbuild.h' '-Wno-implicit-fallthrough' '-v' '-o' 'CMakeFiles/cmTC_1c953.dir/CMakeCCompilerABI.c.obj' '-c' '-mtune=generic' '-march=i686']
  ignore line: [ as -v -I /home/aghiles/Aghiles/Program/boards/riot/javascript/bin/native/js/ --32 -o CMakeFiles/cmTC_1c953.dir/CMakeCCompilerABI.c.obj /tmp/cc3Iz1eY.s]
  ignore line: [GNU assembler version 2.28 (x86_64-linux-gnu) using BFD version (GNU Binutils for Debian) 2.28]
  ignore line: [COMPILER_PATH=/usr/lib/gcc/x86_64-linux-gnu/6/:/usr/lib/gcc/x86_64-linux-gnu/6/:/usr/lib/gcc/x86_64-linux-gnu/:/usr/lib/gcc/x86_64-linux-gnu/6/:/usr/lib/gcc/x86_64-linux-gnu/]
  ignore line: [LIBRARY_PATH=/usr/lib/gcc/x86_64-linux-gnu/6/32/:/usr/lib/gcc/x86_64-linux-gnu/6/../../../../lib32/:/lib/../lib32/:/usr/lib/../lib32/:/usr/lib/gcc/x86_64-linux-gnu/6/:/usr/lib/gcc/x86_64-linux-gnu/6/../../../:/lib/:/usr/lib/]
  ignore line: [COLLECT_GCC_OPTIONS='-fdiagnostics-color=always' '-I' '/home/aghiles/Aghiles/Program/boards/riot/javascript/bin/native/js/' '-Werror' '-Wpedantic' '-std=gnu99' '-m32' '-fstack-protector-all' '-ffunction-sections' '-fdata-sections' '-fno-delete-null-pointer-checks' '-Wstrict-prototypes' '-Wold-style-definition' '-fno-common' '-Wall' '-Wextra' '-Wformat=2' '-Wmissing-include-dirs' '-include' '/home/aghiles/Aghiles/Program/boards/riot/javascript/bin/native/riotbuild/riotbuild.h' '-Wno-implicit-fallthrough' '-v' '-o' 'CMakeFiles/cmTC_1c953.dir/CMakeCCompilerABI.c.obj' '-c' '-mtune=generic' '-march=i686']
  ignore line: [Linking C executable cmTC_1c953]
  ignore line: [/usr/local/bin/cmake -E cmake_link_script CMakeFiles/cmTC_1c953.dir/link.txt --verbose=1]
  ignore line: [/usr/bin/gcc -I/home/aghiles/Aghiles/Program/boards/riot/javascript/bin/native/js/ -Werror -Wall -Wextra -pedantic -std=gnu99 -m32 -fstack-protector-all -ffunction-sections -fdata-sections -fno-delete-null-pointer-checks -fdiagnostics-color -Wstrict-prototypes -Wold-style-definition -fno-common -Wall -Wextra -Wformat=2 -Wmissing-include-dirs -include '/home/aghiles/Aghiles/Program/boards/riot/javascript/bin/native/riotbuild/riotbuild.h' -Wno-implicit-fallthrough    -v CMakeFiles/cmTC_1c953.dir/CMakeCCompilerABI.c.obj  -o cmTC_1c953 ]
  ignore line: [Using built-in specs.]
  ignore line: [COLLECT_GCC=/usr/bin/gcc]
  ignore line: [COLLECT_LTO_WRAPPER=/usr/lib/gcc/x86_64-linux-gnu/6/lto-wrapper]
  ignore line: [Target: x86_64-linux-gnu]
  ignore line: [Configured with: ../src/configure -v --with-pkgversion='Debian 6.3.0-18+deb9u1' --with-bugurl=file:///usr/share/doc/gcc-6/README.Bugs --enable-languages=c,ada,c++,java,go,d,fortran,objc,obj-c++ --prefix=/usr --program-suffix=-6 --program-prefix=x86_64-linux-gnu- --enable-shared --enable-linker-build-id --libexecdir=/usr/lib --without-included-gettext --enable-threads=posix --libdir=/usr/lib --enable-nls --with-sysroot=/ --enable-clocale=gnu --enable-libstdcxx-debug --enable-libstdcxx-time=yes --with-default-libstdcxx-abi=new --enable-gnu-unique-object --disable-vtable-verify --enable-libmpx --enable-plugin --enable-default-pie --with-system-zlib --disable-browser-plugin --enable-java-awt=gtk --enable-gtk-cairo --with-java-home=/usr/lib/jvm/java-1.5.0-gcj-6-amd64/jre --enable-java-home --with-jvm-root-dir=/usr/lib/jvm/java-1.5.0-gcj-6-amd64 --with-jvm-jar-dir=/usr/lib/jvm-exports/java-1.5.0-gcj-6-amd64 --with-arch-directory=amd64 --with-ecj-jar=/usr/share/java/eclipse-ecj.jar --with-target-system-zlib --enable-objc-gc=auto --enable-multiarch --with-arch-32=i686 --with-abi=m64 --with-multilib-list=m32,m64,mx32 --enable-multilib --with-tune=generic --enable-checking=release --build=x86_64-linux-gnu --host=x86_64-linux-gnu --target=x86_64-linux-gnu]
  ignore line: [Thread model: posix]
  ignore line: [gcc version 6.3.0 20170516 (Debian 6.3.0-18+deb9u1) ]
  ignore line: [COMPILER_PATH=/usr/lib/gcc/x86_64-linux-gnu/6/:/usr/lib/gcc/x86_64-linux-gnu/6/:/usr/lib/gcc/x86_64-linux-gnu/:/usr/lib/gcc/x86_64-linux-gnu/6/:/usr/lib/gcc/x86_64-linux-gnu/]
  ignore line: [LIBRARY_PATH=/usr/lib/gcc/x86_64-linux-gnu/6/32/:/usr/lib/gcc/x86_64-linux-gnu/6/../../../../lib32/:/lib/../lib32/:/usr/lib/../lib32/:/usr/lib/gcc/x86_64-linux-gnu/6/:/usr/lib/gcc/x86_64-linux-gnu/6/../../../:/lib/:/usr/lib/]
  ignore line: [COLLECT_GCC_OPTIONS='-fdiagnostics-color=always' '-I' '/home/aghiles/Aghiles/Program/boards/riot/javascript/bin/native/js/' '-Werror' '-Wpedantic' '-std=gnu99' '-m32' '-fstack-protector-all' '-ffunction-sections' '-fdata-sections' '-fno-delete-null-pointer-checks' '-Wstrict-prototypes' '-Wold-style-definition' '-fno-common' '-Wall' '-Wextra' '-Wformat=2' '-Wmissing-include-dirs' '-include' '/home/aghiles/Aghiles/Program/boards/riot/javascript/bin/native/riotbuild/riotbuild.h' '-Wno-implicit-fallthrough' '-v' '-o' 'cmTC_1c953' '-mtune=generic' '-march=i686']
  link line: [ /usr/lib/gcc/x86_64-linux-gnu/6/collect2 -plugin /usr/lib/gcc/x86_64-linux-gnu/6/liblto_plugin.so -plugin-opt=/usr/lib/gcc/x86_64-linux-gnu/6/lto-wrapper -plugin-opt=-fresolution=/tmp/cc3aK2t0.res -plugin-opt=-pass-through=-lgcc -plugin-opt=-pass-through=-lgcc_s -plugin-opt=-pass-through=-lc -plugin-opt=-pass-through=-lgcc -plugin-opt=-pass-through=-lgcc_s --sysroot=/ --build-id --eh-frame-hdr -m elf_i386 --hash-style=gnu -dynamic-linker /lib/ld-linux.so.2 -pie -o cmTC_1c953 /usr/lib/gcc/x86_64-linux-gnu/6/../../../../lib32/Scrt1.o /usr/lib/gcc/x86_64-linux-gnu/6/../../../../lib32/crti.o /usr/lib/gcc/x86_64-linux-gnu/6/32/crtbeginS.o -L/usr/lib/gcc/x86_64-linux-gnu/6/32 -L/usr/lib/gcc/x86_64-linux-gnu/6/../../../../lib32 -L/lib/../lib32 -L/usr/lib/../lib32 -L/usr/lib/gcc/x86_64-linux-gnu/6 -L/usr/lib/gcc/x86_64-linux-gnu/6/../../.. CMakeFiles/cmTC_1c953.dir/CMakeCCompilerABI.c.obj -lgcc --as-needed -lgcc_s --no-as-needed -lc -lgcc --as-needed -lgcc_s --no-as-needed /usr/lib/gcc/x86_64-linux-gnu/6/32/crtendS.o /usr/lib/gcc/x86_64-linux-gnu/6/../../../../lib32/crtn.o]
    arg [/usr/lib/gcc/x86_64-linux-gnu/6/collect2] ==> ignore
    arg [-plugin] ==> ignore
    arg [/usr/lib/gcc/x86_64-linux-gnu/6/liblto_plugin.so] ==> ignore
    arg [-plugin-opt=/usr/lib/gcc/x86_64-linux-gnu/6/lto-wrapper] ==> ignore
    arg [-plugin-opt=-fresolution=/tmp/cc3aK2t0.res] ==> ignore
    arg [-plugin-opt=-pass-through=-lgcc] ==> ignore
    arg [-plugin-opt=-pass-through=-lgcc_s] ==> ignore
    arg [-plugin-opt=-pass-through=-lc] ==> ignore
    arg [-plugin-opt=-pass-through=-lgcc] ==> ignore
    arg [-plugin-opt=-pass-through=-lgcc_s] ==> ignore
    arg [--sysroot=/] ==> ignore
    arg [--build-id] ==> ignore
    arg [--eh-frame-hdr] ==> ignore
    arg [-m] ==> ignore
    arg [elf_i386] ==> ignore
    arg [--hash-style=gnu] ==> ignore
    arg [-dynamic-linker] ==> ignore
    arg [/lib/ld-linux.so.2] ==> ignore
    arg [-pie] ==> ignore
    arg [-o] ==> ignore
    arg [cmTC_1c953] ==> ignore
    arg [/usr/lib/gcc/x86_64-linux-gnu/6/../../../../lib32/Scrt1.o] ==> ignore
    arg [/usr/lib/gcc/x86_64-linux-gnu/6/../../../../lib32/crti.o] ==> ignore
    arg [/usr/lib/gcc/x86_64-linux-gnu/6/32/crtbeginS.o] ==> ignore
    arg [-L/usr/lib/gcc/x86_64-linux-gnu/6/32] ==> dir [/usr/lib/gcc/x86_64-linux-gnu/6/32]
    arg [-L/usr/lib/gcc/x86_64-linux-gnu/6/../../../../lib32] ==> dir [/usr/lib/gcc/x86_64-linux-gnu/6/../../../../lib32]
    arg [-L/lib/../lib32] ==> dir [/lib/../lib32]
    arg [-L/usr/lib/../lib32] ==> dir [/usr/lib/../lib32]
    arg [-L/usr/lib/gcc/x86_64-linux-gnu/6] ==> dir [/usr/lib/gcc/x86_64-linux-gnu/6]
    arg [-L/usr/lib/gcc/x86_64-linux-gnu/6/../../..] ==> dir [/usr/lib/gcc/x86_64-linux-gnu/6/../../..]
    arg [CMakeFiles/cmTC_1c953.dir/CMakeCCompilerABI.c.obj] ==> ignore
    arg [-lgcc] ==> lib [gcc]
    arg [--as-needed] ==> ignore
    arg [-lgcc_s] ==> lib [gcc_s]
    arg [--no-as-needed] ==> ignore
    arg [-lc] ==> lib [c]
    arg [-lgcc] ==> lib [gcc]
    arg [--as-needed] ==> ignore
    arg [-lgcc_s] ==> lib [gcc_s]
    arg [--no-as-needed] ==> ignore
    arg [/usr/lib/gcc/x86_64-linux-gnu/6/32/crtendS.o] ==> ignore
    arg [/usr/lib/gcc/x86_64-linux-gnu/6/../../../../lib32/crtn.o] ==> ignore
  collapse library dir [/usr/lib/gcc/x86_64-linux-gnu/6/32] ==> [/usr/lib/gcc/x86_64-linux-gnu/6/32]
  collapse library dir [/usr/lib/gcc/x86_64-linux-gnu/6/../../../../lib32] ==> [/usr/lib32]
  collapse library dir [/lib/../lib32] ==> [/lib32]
  collapse library dir [/usr/lib/../lib32] ==> [/usr/lib32]
  collapse library dir [/usr/lib/gcc/x86_64-linux-gnu/6] ==> [/usr/lib/gcc/x86_64-linux-gnu/6]
  collapse library dir [/usr/lib/gcc/x86_64-linux-gnu/6/../../..] ==> [/usr/lib]
  implicit libs: [gcc;gcc_s;c;gcc;gcc_s]
  implicit dirs: [/usr/lib/gcc/x86_64-linux-gnu/6/32;/usr/lib32;/lib32;/usr/lib/gcc/x86_64-linux-gnu/6;/usr/lib]
  implicit fwks: []




Detecting C [-std=c11] compiler features compiled with the following output:
Change Dir: /home/aghiles/Aghiles/Program/boards/riot/javascript/bin/native/jerryscript/CMakeFiles/CMakeTmp

Run Build Command(s):/usr/bin/make cmTC_640f1/fast 
make[3]: Entering directory '/home/aghiles/Aghiles/Program/boards/riot/javascript/bin/native/jerryscript/CMakeFiles/CMakeTmp'
/usr/bin/make -f CMakeFiles/cmTC_640f1.dir/build.make CMakeFiles/cmTC_640f1.dir/build
make[4]: Entering directory '/home/aghiles/Aghiles/Program/boards/riot/javascript/bin/native/jerryscript/CMakeFiles/CMakeTmp'
Building C object CMakeFiles/cmTC_640f1.dir/feature_tests.c.obj
/usr/bin/gcc   -I/home/aghiles/Aghiles/Program/boards/riot/javascript/bin/native/js/ -Werror -Wall -Wextra -pedantic -std=gnu99 -m32 -fstack-protector-all -ffunction-sections -fdata-sections -fno-delete-null-pointer-checks -fdiagnostics-color -Wstrict-prototypes -Wold-style-definition -fno-common -Wall -Wextra -Wformat=2 -Wmissing-include-dirs -include '/home/aghiles/Aghiles/Program/boards/riot/javascript/bin/native/riotbuild/riotbuild.h' -Wno-implicit-fallthrough    -std=c11 -o CMakeFiles/cmTC_640f1.dir/feature_tests.c.obj   -c /home/aghiles/Aghiles/Program/boards/riot/javascript/bin/native/jerryscript/CMakeFiles/feature_tests.c
Linking C executable cmTC_640f1
/usr/local/bin/cmake -E cmake_link_script CMakeFiles/cmTC_640f1.dir/link.txt --verbose=1
/usr/bin/gcc -I/home/aghiles/Aghiles/Program/boards/riot/javascript/bin/native/js/ -Werror -Wall -Wextra -pedantic -std=gnu99 -m32 -fstack-protector-all -ffunction-sections -fdata-sections -fno-delete-null-pointer-checks -fdiagnostics-color -Wstrict-prototypes -Wold-style-definition -fno-common -Wall -Wextra -Wformat=2 -Wmissing-include-dirs -include '/home/aghiles/Aghiles/Program/boards/riot/javascript/bin/native/riotbuild/riotbuild.h' -Wno-implicit-fallthrough     CMakeFiles/cmTC_640f1.dir/feature_tests.c.obj  -o cmTC_640f1 
make[4]: Leaving directory '/home/aghiles/Aghiles/Program/boards/riot/javascript/bin/native/jerryscript/CMakeFiles/CMakeTmp'
make[3]: Leaving directory '/home/aghiles/Aghiles/Program/boards/riot/javascript/bin/native/jerryscript/CMakeFiles/CMakeTmp'


    Feature record: C_FEATURE:1c_function_prototypes
    Feature record: C_FEATURE:1c_restrict
    Feature record: C_FEATURE:1c_static_assert
    Feature record: C_FEATURE:1c_variadic_macros


Detecting C [-std=c99] compiler features compiled with the following output:
Change Dir: /home/aghiles/Aghiles/Program/boards/riot/javascript/bin/native/jerryscript/CMakeFiles/CMakeTmp

Run Build Command(s):/usr/bin/make cmTC_ca766/fast 
make[3]: Entering directory '/home/aghiles/Aghiles/Program/boards/riot/javascript/bin/native/jerryscript/CMakeFiles/CMakeTmp'
/usr/bin/make -f CMakeFiles/cmTC_ca766.dir/build.make CMakeFiles/cmTC_ca766.dir/build
make[4]: Entering directory '/home/aghiles/Aghiles/Program/boards/riot/javascript/bin/native/jerryscript/CMakeFiles/CMakeTmp'
Building C object CMakeFiles/cmTC_ca766.dir/feature_tests.c.obj
/usr/bin/gcc   -I/home/aghiles/Aghiles/Program/boards/riot/javascript/bin/native/js/ -Werror -Wall -Wextra -pedantic -std=gnu99 -m32 -fstack-protector-all -ffunction-sections -fdata-sections -fno-delete-null-pointer-checks -fdiagnostics-color -Wstrict-prototypes -Wold-style-definition -fno-common -Wall -Wextra -Wformat=2 -Wmissing-include-dirs -include '/home/aghiles/Aghiles/Program/boards/riot/javascript/bin/native/riotbuild/riotbuild.h' -Wno-implicit-fallthrough    -std=c99 -o CMakeFiles/cmTC_ca766.dir/feature_tests.c.obj   -c /home/aghiles/Aghiles/Program/boards/riot/javascript/bin/native/jerryscript/CMakeFiles/feature_tests.c
Linking C executable cmTC_ca766
/usr/local/bin/cmake -E cmake_link_script CMakeFiles/cmTC_ca766.dir/link.txt --verbose=1
/usr/bin/gcc -I/home/aghiles/Aghiles/Program/boards/riot/javascript/bin/native/js/ -Werror -Wall -Wextra -pedantic -std=gnu99 -m32 -fstack-protector-all -ffunction-sections -fdata-sections -fno-delete-null-pointer-checks -fdiagnostics-color -Wstrict-prototypes -Wold-style-definition -fno-common -Wall -Wextra -Wformat=2 -Wmissing-include-dirs -include '/home/aghiles/Aghiles/Program/boards/riot/javascript/bin/native/riotbuild/riotbuild.h' -Wno-implicit-fallthrough     CMakeFiles/cmTC_ca766.dir/feature_tests.c.obj  -o cmTC_ca766 
make[4]: Leaving directory '/home/aghiles/Aghiles/Program/boards/riot/javascript/bin/native/jerryscript/CMakeFiles/CMakeTmp'
make[3]: Leaving directory '/home/aghiles/Aghiles/Program/boards/riot/javascript/bin/native/jerryscript/CMakeFiles/CMakeTmp'


    Feature record: C_FEATURE:1c_function_prototypes
    Feature record: C_FEATURE:1c_restrict
    Feature record: C_FEATURE:0c_static_assert
    Feature record: C_FEATURE:1c_variadic_macros


Detecting C [-std=c90] compiler features compiled with the following output:
Change Dir: /home/aghiles/Aghiles/Program/boards/riot/javascript/bin/native/jerryscript/CMakeFiles/CMakeTmp

Run Build Command(s):/usr/bin/make cmTC_6ab58/fast 
make[3]: Entering directory '/home/aghiles/Aghiles/Program/boards/riot/javascript/bin/native/jerryscript/CMakeFiles/CMakeTmp'
/usr/bin/make -f CMakeFiles/cmTC_6ab58.dir/build.make CMakeFiles/cmTC_6ab58.dir/build
make[4]: Entering directory '/home/aghiles/Aghiles/Program/boards/riot/javascript/bin/native/jerryscript/CMakeFiles/CMakeTmp'
Building C object CMakeFiles/cmTC_6ab58.dir/feature_tests.c.obj
/usr/bin/gcc   -I/home/aghiles/Aghiles/Program/boards/riot/javascript/bin/native/js/ -Werror -Wall -Wextra -pedantic -std=gnu99 -m32 -fstack-protector-all -ffunction-sections -fdata-sections -fno-delete-null-pointer-checks -fdiagnostics-color -Wstrict-prototypes -Wold-style-definition -fno-common -Wall -Wextra -Wformat=2 -Wmissing-include-dirs -include '/home/aghiles/Aghiles/Program/boards/riot/javascript/bin/native/riotbuild/riotbuild.h' -Wno-implicit-fallthrough    -std=c90 -o CMakeFiles/cmTC_6ab58.dir/feature_tests.c.obj   -c /home/aghiles/Aghiles/Program/boards/riot/javascript/bin/native/jerryscript/CMakeFiles/feature_tests.c
Linking C executable cmTC_6ab58
/usr/local/bin/cmake -E cmake_link_script CMakeFiles/cmTC_6ab58.dir/link.txt --verbose=1
/usr/bin/gcc -I/home/aghiles/Aghiles/Program/boards/riot/javascript/bin/native/js/ -Werror -Wall -Wextra -pedantic -std=gnu99 -m32 -fstack-protector-all -ffunction-sections -fdata-sections -fno-delete-null-pointer-checks -fdiagnostics-color -Wstrict-prototypes -Wold-style-definition -fno-common -Wall -Wextra -Wformat=2 -Wmissing-include-dirs -include '/home/aghiles/Aghiles/Program/boards/riot/javascript/bin/native/riotbuild/riotbuild.h' -Wno-implicit-fallthrough     CMakeFiles/cmTC_6ab58.dir/feature_tests.c.obj  -o cmTC_6ab58 
make[4]: Leaving directory '/home/aghiles/Aghiles/Program/boards/riot/javascript/bin/native/jerryscript/CMakeFiles/CMakeTmp'
make[3]: Leaving directory '/home/aghiles/Aghiles/Program/boards/riot/javascript/bin/native/jerryscript/CMakeFiles/CMakeTmp'


    Feature record: C_FEATURE:1c_function_prototypes
    Feature record: C_FEATURE:0c_restrict
    Feature record: C_FEATURE:0c_static_assert
    Feature record: C_FEATURE:0c_variadic_macros
Determining if files unistd.h exist passed with the following output:
Change Dir: /home/aghiles/Aghiles/Program/boards/riot/javascript/bin/native/jerryscript/CMakeFiles/CMakeTmp

Run Build Command(s):/usr/bin/make cmTC_8830f/fast 
make[3]: Entering directory '/home/aghiles/Aghiles/Program/boards/riot/javascript/bin/native/jerryscript/CMakeFiles/CMakeTmp'
/usr/bin/make -f CMakeFiles/cmTC_8830f.dir/build.make CMakeFiles/cmTC_8830f.dir/build
make[4]: Entering directory '/home/aghiles/Aghiles/Program/boards/riot/javascript/bin/native/jerryscript/CMakeFiles/CMakeTmp'
Building C object CMakeFiles/cmTC_8830f.dir/HAVE_UNISTD_H.c.obj
/usr/bin/gcc   -I/home/aghiles/Aghiles/Program/boards/riot/javascript/bin/native/js/ -Werror -Wall -Wextra -pedantic -std=gnu99 -m32 -fstack-protector-all -ffunction-sections -fdata-sections -fno-delete-null-pointer-checks -fdiagnostics-color -Wstrict-prototypes -Wold-style-definition -fno-common -Wall -Wextra -Wformat=2 -Wmissing-include-dirs -include '/home/aghiles/Aghiles/Program/boards/riot/javascript/bin/native/riotbuild/riotbuild.h' -Wno-implicit-fallthrough -std=c99 -pedantic -fno-builtin -fno-stack-protector -Wall -Werror=all -Wextra -Werror=extra -Wformat-nonliteral -Werror=format-nonliteral -Winit-self -Werror=init-self -Wconversion -Werror=conversion -Wsign-conversion -Werror=sign-conversion -Wformat-security -Werror=format-security -Wmissing-declarations -Werror=missing-declarations -Wshadow -Werror=shadow -Wstrict-prototypes -Werror=strict-prototypes -Wundef -Werror=undef -Wold-style-definition -Werror=old-style-definition -Wno-stack-protector -Wno-attributes -Werror -Wlogical-op -Werror=logical-op -I/home/aghiles/Aghiles/Program/boards/iot-lab/parts/RIOT/core/include -I/home/aghiles/Aghiles/Program/boards/iot-lab/parts/RIOT/drivers/include -I/home/aghiles/Aghiles/Program/boards/iot-lab/parts/RIOT/sys/include -I/home/aghiles/Aghiles/Program/boards/iot-lab/parts/RIOT/boards/native/include -DNATIVE_INCLUDES -I/home/aghiles/Aghiles/Program/boards/iot-lab/parts/RIOT/boards/native/include/ -I/home/aghiles/Aghiles/Program/boards/iot-lab/parts/RIOT/core/include/ -I/home/aghiles/Aghiles/Program/boards/iot-lab/parts/RIOT/drivers/include/ -I/home/aghiles/Aghiles/Program/boards/iot-lab/parts/RIOT/cpu/native/include -I/home/aghiles/Aghiles/Program/boards/iot-lab/parts/RIOT/sys/include -I/home/aghiles/Aghiles/Program/boards/iot-lab/parts/RIOT/cpu/native/include -I/home/aghiles/Aghiles/Program/boards/riot/javascript/bin/pkg/native/jerryscript/jerry-core/include -I/home/aghiles/Aghiles/Program/boards/riot/javascript/bin/pkg/native/jerryscript/jerry-ext/include  -D__TARGET_RIOT    -o CMakeFiles/cmTC_8830f.dir/HAVE_UNISTD_H.c.obj   -c /home/aghiles/Aghiles/Program/boards/riot/javascript/bin/native/jerryscript/CMakeFiles/CheckIncludeFiles/HAVE_UNISTD_H.c
Linking C executable cmTC_8830f
/usr/local/bin/cmake -E cmake_link_script CMakeFiles/cmTC_8830f.dir/link.txt --verbose=1
/usr/bin/gcc -I/home/aghiles/Aghiles/Program/boards/riot/javascript/bin/native/js/ -Werror -Wall -Wextra -pedantic -std=gnu99 -m32 -fstack-protector-all -ffunction-sections -fdata-sections -fno-delete-null-pointer-checks -fdiagnostics-color -Wstrict-prototypes -Wold-style-definition -fno-common -Wall -Wextra -Wformat=2 -Wmissing-include-dirs -include '/home/aghiles/Aghiles/Program/boards/riot/javascript/bin/native/riotbuild/riotbuild.h' -Wno-implicit-fallthrough -std=c99 -pedantic -fno-builtin -fno-stack-protector -Wall -Werror=all -Wextra -Werror=extra -Wformat-nonliteral -Werror=format-nonliteral -Winit-self -Werror=init-self -Wconversion -Werror=conversion -Wsign-conversion -Werror=sign-conversion -Wformat-security -Werror=format-security -Wmissing-declarations -Werror=missing-declarations -Wshadow -Werror=shadow -Wstrict-prototypes -Werror=strict-prototypes -Wundef -Werror=undef -Wold-style-definition -Werror=old-style-definition -Wno-stack-protector -Wno-attributes -Werror -Wlogical-op -Werror=logical-op -I/home/aghiles/Aghiles/Program/boards/iot-lab/parts/RIOT/core/include -I/home/aghiles/Aghiles/Program/boards/iot-lab/parts/RIOT/drivers/include -I/home/aghiles/Aghiles/Program/boards/iot-lab/parts/RIOT/sys/include -I/home/aghiles/Aghiles/Program/boards/iot-lab/parts/RIOT/boards/native/include -DNATIVE_INCLUDES -I/home/aghiles/Aghiles/Program/boards/iot-lab/parts/RIOT/boards/native/include/ -I/home/aghiles/Aghiles/Program/boards/iot-lab/parts/RIOT/core/include/ -I/home/aghiles/Aghiles/Program/boards/iot-lab/parts/RIOT/drivers/include/ -I/home/aghiles/Aghiles/Program/boards/iot-lab/parts/RIOT/cpu/native/include -I/home/aghiles/Aghiles/Program/boards/iot-lab/parts/RIOT/sys/include -I/home/aghiles/Aghiles/Program/boards/iot-lab/parts/RIOT/cpu/native/include -I/home/aghiles/Aghiles/Program/boards/riot/javascript/bin/pkg/native/jerryscript/jerry-core/include -I/home/aghiles/Aghiles/Program/boards/riot/javascript/bin/pkg/native/jerryscript/jerry-ext/include  -D__TARGET_RIOT     CMakeFiles/cmTC_8830f.dir/HAVE_UNISTD_H.c.obj  -o cmTC_8830f 
make[4]: Leaving directory '/home/aghiles/Aghiles/Program/boards/riot/javascript/bin/native/jerryscript/CMakeFiles/CMakeTmp'
make[3]: Leaving directory '/home/aghiles/Aghiles/Program/boards/riot/javascript/bin/native/jerryscript/CMakeFiles/CMakeTmp'


